<?xml version="1.0" encoding="UTF-8"?>
<testsuite name="tests.WebQuizEngineTest" tests="1" skipped="0" failures="1" errors="0" timestamp="2022-09-01T11:06:46" hostname="MARVIN" time="17.443">
  <properties/>
  <testcase name="start" classname="tests.WebQuizEngineTest" time="17.443">
    <failure message="java.lang.AssertionError: Wrong answer in test #53&#10;&#10;The JSON element at path &quot;/content/1/id&quot; should equal to 3, found 4&#10;&#10;Full JSON:&#10;{&#10;  &quot;content&quot;: [&#10;    {&#10;      &quot;id&quot;: 3,&#10;      &quot;completedAt&quot;: &quot;2022-09-01T13:06:59.925202&quot;&#10;    },&#10;    {&#10;      &quot;id&quot;: 4,&#10;      &quot;completedAt&quot;: &quot;2022-09-01T13:07:04.045185&quot;&#10;    }&#10;  ],&#10;  &quot;pageable&quot;: {&#10;    &quot;sort&quot;: {&#10;      &quot;empty&quot;: false,&#10;      &quot;unsorted&quot;: false,&#10;      &quot;sorted&quot;: true&#10;    },&#10;    &quot;offset&quot;: 0,&#10;    &quot;pageSize&quot;: 10,&#10;    &quot;pageNumber&quot;: 0,&#10;    &quot;paged&quot;: true,&#10;    &quot;unpaged&quot;: false&#10;  },&#10;  &quot;last&quot;: true,&#10;  &quot;totalPages&quot;: 1,&#10;  &quot;totalElements&quot;: 2,&#10;  &quot;size&quot;: 10,&#10;  &quot;number&quot;: 0,&#10;  &quot;sort&quot;: {&#10;    &quot;empty&quot;: false,&#10;    &quot;unsorted&quot;: false,&#10;    &quot;sorted&quot;: true&#10;  },&#10;  &quot;first&quot;: true,&#10;  &quot;numberOfElements&quot;: 2,&#10;  &quot;empty&quot;: false&#10;}&#10;&#10;Please find below the output of your program during this failed test.&#10;&#10;---&#10;&#10;.   ____          _            __ _ _&#10; /\\ / ___'_ __ _ _(_)_ __  __ _ \ \ \ \&#10;( ( )\___ | '_ | '_| | '_ \/ _` | \ \ \ \&#10; \\/  ___)| |_)| | | | | || (_| |  ) ) ) )&#10;  '  |____| .__|_| |_|_| |_\__, | / / / /&#10; =========|_|==============|___/=/_/_/_/&#10; :: Spring Boot ::                (v2.5.6)&#10;&#10;2022-09-01 13:06:48.462  INFO 5444 --- [    Test worker] engine.WebQuizEngine                     : Starting WebQuizEngine using Java 17.0.2 on Marvin with PID 5444 (started by Marvin in C:\Users\Marvin\Desktop\challengingProject\Web Quiz Engine\Web Quiz Engine\task)&#10;2022-09-01 13:06:48.469  INFO 5444 --- [    Test worker] engine.WebQuizEngine                     : No active profile set, falling back to default profiles: default&#10;2022-09-01 13:06:50.474  INFO 5444 --- [    Test worker] .s.d.r.c.RepositoryConfigurationDelegate : Bootstrapping Spring Data JPA repositories in DEFAULT mode.&#10;2022-09-01 13:06:50.600  INFO 5444 --- [    Test worker] .s.d.r.c.RepositoryConfigurationDelegate : Finished Spring Data repository scanning in 107 ms. Found 3 JPA repository interfaces.&#10;2022-09-01 13:06:51.573  INFO 5444 --- [    Test worker] o.s.b.w.embedded.tomcat.TomcatWebServer  : Tomcat initialized with port(s): 8889 (http)&#10;2022-09-01 13:06:51.593  INFO 5444 --- [    Test worker] o.apache.catalina.core.StandardService   : Starting service [Tomcat]&#10;2022-09-01 13:06:51.594  INFO 5444 --- [    Test worker] org.apache.catalina.core.StandardEngine  : Starting Servlet engine: [Apache Tomcat/9.0.54]&#10;2022-09-01 13:06:51.789  INFO 5444 --- [    Test worker] o.a.c.c.C.[Tomcat].[localhost].[/]       : Initializing Spring embedded WebApplicationContext&#10;2022-09-01 13:06:51.789  INFO 5444 --- [    Test worker] w.s.c.ServletWebServerApplicationContext : Root WebApplicationContext: initialization completed in 3222 ms&#10;2022-09-01 13:06:51.993  INFO 5444 --- [    Test worker] com.zaxxer.hikari.HikariDataSource       : HikariPool-1 - Starting...&#10;2022-09-01 13:06:52.367  INFO 5444 --- [    Test worker] com.zaxxer.hikari.HikariDataSource       : HikariPool-1 - Start completed.&#10;2022-09-01 13:06:52.381  INFO 5444 --- [    Test worker] o.s.b.a.h2.H2ConsoleAutoConfiguration    : H2 console available at '/h2-console'. Database available at 'jdbc:h2:file:../quizdb'&#10;2022-09-01 13:06:52.652  INFO 5444 --- [    Test worker] o.hibernate.jpa.internal.util.LogHelper  : HHH000204: Processing PersistenceUnitInfo [name: default]&#10;2022-09-01 13:06:52.773  INFO 5444 --- [    Test worker] org.hibernate.Version                    : HHH000412: Hibernate ORM core version 5.4.32.Final&#10;2022-09-01 13:06:53.064  INFO 5444 --- [    Test worker] o.hibernate.annotations.common.Version   : HCANN000001: Hibernate Commons Annotations {5.1.2.Final}&#10;2022-09-01 13:06:53.302  INFO 5444 --- [    Test worker] org.hibernate.dialect.Dialect            : HHH000400: Using dialect: org.hibernate.dialect.H2Dialect&#10;Hibernate: create table completed_quizzes_log (log_id bigint not null, completed_at timestamp not null, id bigint not null, user_id varchar(255) not null, primary key (log_id))&#10;Hibernate: create table quiz (id bigint not null, answer binary(255), options binary(255), text varchar(255), title varchar(255), user_name varchar(255), primary key (id))&#10;Hibernate: create table user (id bigint not null, email varchar(255), password varchar(255), role varchar(255), primary key (id))&#10;Hibernate: create sequence hibernate_sequence start with 1 increment by 1&#10;2022-09-01 13:06:54.481  INFO 5444 --- [    Test worker] o.h.e.t.j.p.i.JtaPlatformInitiator       : HHH000490: Using JtaPlatform implementation: [org.hibernate.engine.transaction.jta.platform.internal.NoJtaPlatform]&#10;2022-09-01 13:06:54.499  INFO 5444 --- [    Test worker] j.LocalContainerEntityManagerFactoryBean : Initialized JPA EntityManagerFactory for persistence unit 'default'&#10;2022-09-01 13:06:55.338  WARN 5444 --- [    Test worker] JpaBaseConfiguration$JpaWebConfiguration : spring.jpa.open-in-view is enabled by default. Therefore, database queries may be performed during view rendering. Explicitly configure spring.jpa.open-in-view to disable this warning&#10;2022-09-01 13:06:56.052  INFO 5444 --- [    Test worker] o.s.b.a.e.web.EndpointLinksResolver      : Exposing 14 endpoint(s) beneath base path '/actuator'&#10;2022-09-01 13:06:56.164  INFO 5444 --- [    Test worker] o.s.s.web.DefaultSecurityFilterChain     : Will secure any request with [org.springframework.security.web.context.request.async.WebAsyncManagerIntegrationFilter@6c399d4, org.springframework.security.web.context.SecurityContextPersistenceFilter@28b47211, org.springframework.security.web.header.HeaderWriterFilter@d62feaf, org.springframework.security.web.authentication.logout.LogoutFilter@3dcf6026, org.springframework.security.web.authentication.www.BasicAuthenticationFilter@5c20841d, org.springframework.security.web.savedrequest.RequestCacheAwareFilter@247415be, org.springframework.security.web.servletapi.SecurityContextHolderAwareRequestFilter@4fe3199d, org.springframework.security.web.authentication.AnonymousAuthenticationFilter@726dd367, org.springframework.security.web.session.SessionManagementFilter@108fd5d5, org.springframework.security.web.access.ExceptionTranslationFilter@5d03df76, org.springframework.security.web.access.intercept.FilterSecurityInterceptor@6d4df1d2]&#10;2022-09-01 13:06:56.614  INFO 5444 --- [    Test worker] o.s.b.w.embedded.tomcat.TomcatWebServer  : Tomcat started on port(s): 8889 (http) with context path ''&#10;2022-09-01 13:06:56.633  INFO 5444 --- [    Test worker] engine.WebQuizEngine                     : Started WebQuizEngine in 9.088 seconds (JVM running for 10.908)&#10;2022-09-01 13:06:57.137  INFO 5444 --- [nio-8889-exec-1] o.a.c.c.C.[Tomcat].[localhost].[/]       : Initializing Spring DispatcherServlet 'dispatcherServlet'&#10;2022-09-01 13:06:57.138  INFO 5444 --- [nio-8889-exec-1] o.s.web.servlet.DispatcherServlet        : Initializing Servlet 'dispatcherServlet'&#10;2022-09-01 13:06:57.140  INFO 5444 --- [nio-8889-exec-1] o.s.web.servlet.DispatcherServlet        : Completed initialization in 2 ms&#10;Hibernate: select user0_.id as id1_2_, user0_.email as email2_2_, user0_.password as password3_2_, user0_.role as role4_2_ from user user0_ where user0_.email=?&#10;Hibernate: call next value for hibernate_sequence&#10;Hibernate: insert into user (email, password, role, id) values (?, ?, ?, ?)&#10;Hibernate: select user0_.id as id1_2_, user0_.email as email2_2_, user0_.password as password3_2_, user0_.role as role4_2_ from user user0_ where user0_.email=?&#10;Hibernate: call next value for hibernate_sequence&#10;Hibernate: insert into user (email, password, role, id) values (?, ?, ?, ?)&#10;2022-09-01 13:06:57.921  WARN 5444 --- [nio-8889-exec-3] .w.s.m.s.DefaultHandlerExceptionResolver : Resolved [org.springframework.web.bind.MethodArgumentNotValidException: Validation failed for argument [0] in public void engine.controller.RegistrationController.registerUser(engine.entity.User): [Field error in object 'user' on field 'email': rejected value [google.com]; codes [Email.user.email,Email.email,Email.java.lang.String,Email]; arguments [org.springframework.context.support.DefaultMessageSourceResolvable: codes [user.email,email]; arguments []; default message [email],[Ljavax.validation.constraints.Pattern$Flag;@263cff25,.+@.+\..+]; default message [must be a well-formed email address]] ]&#10;2022-09-01 13:06:57.978  WARN 5444 --- [nio-8889-exec-4] .w.s.m.s.DefaultHandlerExceptionResolver : Resolved [org.springframework.web.bind.MethodArgumentNotValidException: Validation failed for argument [0] in public void engine.controller.RegistrationController.registerUser(engine.entity.User): [Field error in object 'user' on field 'email': rejected value [well@googlecom]; codes [Email.user.email,Email.email,Email.java.lang.String,Email]; arguments [org.springframework.context.support.DefaultMessageSourceResolvable: codes [user.email,email]; arguments []; default message [email],[Ljavax.validation.constraints.Pattern$Flag;@263cff25,.+@.+\..+]; default message [must be a well-formed email address]] ]&#10;Hibernate: select user0_.id as id1_2_, user0_.email as email2_2_, user0_.password as password3_2_, user0_.role as role4_2_ from user user0_ where user0_.email=?&#10;2022-09-01 13:06:58.043  WARN 5444 --- [nio-8889-exec-7] .w.s.m.s.DefaultHandlerExceptionResolver : Resolved [org.springframework.web.bind.MethodArgumentNotValidException: Validation failed for argument [0] in public void engine.controller.RegistrationController.registerUser(engine.entity.User): [Field error in object 'user' on field 'password': rejected value [1234]; codes [Size.user.password,Size.password,Size.java.lang.String,Size]; arguments [org.springframework.context.support.DefaultMessageSourceResolvable: codes [user.password,password]; arguments []; default message [password],2147483647,5]; default message [size must be between 5 and 2147483647]] ]&#10;2022-09-01 13:06:58.075  WARN 5444 --- [nio-8889-exec-9] .w.s.m.s.DefaultHandlerExceptionResolver : Resolved [org.springframework.web.bind.MethodArgumentNotValidException: Validation failed for argument [0] in public void engine.controller.RegistrationController.registerUser(engine.entity.User): [Field error in object 'user' on field 'password': rejected value [123]; codes [Size.user.password,Size.password,Size.java.lang.String,Size]; arguments [org.springframework.context.support.DefaultMessageSourceResolvable: codes [user.password,password]; arguments []; default message [password],2147483647,5]; default message [size must be between 5 and 2147483647]] ]&#10;Hibernate: select user0_.id as id1_2_, user0_.email as email2_2_, user0_.password as password3_2_, user0_.role as role4_2_ from user user0_ where user0_.email=?&#10;Hibernate: select quiz0_.id as id1_1_, quiz0_.answer as answer2_1_, quiz0_.options as options3_1_, quiz0_.text as text4_1_, quiz0_.title as title5_1_, quiz0_.user_name as user_nam6_1_ from quiz quiz0_ limit ?&#10;Hibernate: select user0_.id as id1_2_, user0_.email as email2_2_, user0_.password as password3_2_, user0_.role as role4_2_ from user user0_ where user0_.email=?&#10;Hibernate: select quiz0_.id as id1_1_, quiz0_.answer as answer2_1_, quiz0_.options as options3_1_, quiz0_.text as text4_1_, quiz0_.title as title5_1_, quiz0_.user_name as user_nam6_1_ from quiz quiz0_ limit ?&#10;Hibernate: select user0_.id as id1_2_, user0_.email as email2_2_, user0_.password as password3_2_, user0_.role as role4_2_ from user user0_ where user0_.email=?&#10;Hibernate: call next value for hibernate_sequence&#10;Hibernate: insert into quiz (answer, options, text, title, user_name, id) values (?, ?, ?, ?, ?, ?)&#10;Hibernate: select user0_.id as id1_2_, user0_.email as email2_2_, user0_.password as password3_2_, user0_.role as role4_2_ from user user0_ where user0_.email=?&#10;Hibernate: select quiz0_.id as id1_1_0_, quiz0_.answer as answer2_1_0_, quiz0_.options as options3_1_0_, quiz0_.text as text4_1_0_, quiz0_.title as title5_1_0_, quiz0_.user_name as user_nam6_1_0_ from quiz quiz0_ where quiz0_.id=?&#10;Hibernate: select user0_.id as id1_2_, user0_.email as email2_2_, user0_.password as password3_2_, user0_.role as role4_2_ from user user0_ where user0_.email=?&#10;Hibernate: select quiz0_.id as id1_1_0_, quiz0_.answer as answer2_1_0_, quiz0_.options as options3_1_0_, quiz0_.text as text4_1_0_, quiz0_.title as title5_1_0_, quiz0_.user_name as user_nam6_1_0_ from quiz quiz0_ where quiz0_.id=?&#10;Hibernate: select user0_.id as id1_2_, user0_.email as email2_2_, user0_.password as password3_2_, user0_.role as role4_2_ from user user0_ where user0_.email=?&#10;Hibernate: select quiz0_.id as id1_1_, quiz0_.answer as answer2_1_, quiz0_.options as options3_1_, quiz0_.text as text4_1_, quiz0_.title as title5_1_, quiz0_.user_name as user_nam6_1_ from quiz quiz0_ limit ?&#10;Hibernate: select user0_.id as id1_2_, user0_.email as email2_2_, user0_.password as password3_2_, user0_.role as role4_2_ from user user0_ where user0_.email=?&#10;Hibernate: call next value for hibernate_sequence&#10;Hibernate: insert into quiz (answer, options, text, title, user_name, id) values (?, ?, ?, ?, ?, ?)&#10;Hibernate: select user0_.id as id1_2_, user0_.email as email2_2_, user0_.password as password3_2_, user0_.role as role4_2_ from user user0_ where user0_.email=?&#10;Hibernate: select quiz0_.id as id1_1_0_, quiz0_.answer as answer2_1_0_, quiz0_.options as options3_1_0_, quiz0_.text as text4_1_0_, quiz0_.title as title5_1_0_, quiz0_.user_name as user_nam6_1_0_ from quiz quiz0_ where quiz0_.id=?&#10;Hibernate: select user0_.id as id1_2_, user0_.email as email2_2_, user0_.password as password3_2_, user0_.role as role4_2_ from user user0_ where user0_.email=?&#10;Hibernate: select quiz0_.id as id1_1_0_, quiz0_.answer as answer2_1_0_, quiz0_.options as options3_1_0_, quiz0_.text as text4_1_0_, quiz0_.title as title5_1_0_, quiz0_.user_name as user_nam6_1_0_ from quiz quiz0_ where quiz0_.id=?&#10;Hibernate: select user0_.id as id1_2_, user0_.email as email2_2_, user0_.password as password3_2_, user0_.role as role4_2_ from user user0_ where user0_.email=?&#10;Hibernate: select quiz0_.id as id1_1_, quiz0_.answer as answer2_1_, quiz0_.options as options3_1_, quiz0_.text as text4_1_, quiz0_.title as title5_1_, quiz0_.user_name as user_nam6_1_ from quiz quiz0_ limit ?&#10;Hibernate: select user0_.id as id1_2_, user0_.email as email2_2_, user0_.password as password3_2_, user0_.role as role4_2_ from user user0_ where user0_.email=?&#10;Hibernate: select user0_.id as id1_2_, user0_.email as email2_2_, user0_.password as password3_2_, user0_.role as role4_2_ from user user0_ where user0_.email=?&#10;Hibernate: select user0_.id as id1_2_, user0_.email as email2_2_, user0_.password as password3_2_, user0_.role as role4_2_ from user user0_ where user0_.email=?&#10;Hibernate: select user0_.id as id1_2_, user0_.email as email2_2_, user0_.password as password3_2_, user0_.role as role4_2_ from user user0_ where user0_.email=?&#10;Hibernate: select user0_.id as id1_2_, user0_.email as email2_2_, user0_.password as password3_2_, user0_.role as role4_2_ from user user0_ where user0_.email=?&#10;Hibernate: select user0_.id as id1_2_, user0_.email as email2_2_, user0_.password as password3_2_, user0_.role as role4_2_ from user user0_ where user0_.email=?&#10;Hibernate: select user0_.id as id1_2_, user0_.email as email2_2_, user0_.password as password3_2_, user0_.role as role4_2_ from user user0_ where user0_.email=?&#10;Hibernate: select user0_.id as id1_2_, user0_.email as email2_2_, user0_.password as password3_2_, user0_.role as role4_2_ from user user0_ where user0_.email=?&#10;Hibernate: select user0_.id as id1_2_, user0_.email as email2_2_, user0_.password as password3_2_, user0_.role as role4_2_ from user user0_ where user0_.email=?&#10;Hibernate: select quiz0_.id as id1_1_0_, quiz0_.answer as answer2_1_0_, quiz0_.options as options3_1_0_, quiz0_.text as text4_1_0_, quiz0_.title as title5_1_0_, quiz0_.user_name as user_nam6_1_0_ from quiz quiz0_ where quiz0_.id=?&#10;Hibernate: select user0_.id as id1_2_, user0_.email as email2_2_, user0_.password as password3_2_, user0_.role as role4_2_ from user user0_ where user0_.email=?&#10;Hibernate: select quiz0_.id as id1_1_0_, quiz0_.answer as answer2_1_0_, quiz0_.options as options3_1_0_, quiz0_.text as text4_1_0_, quiz0_.title as title5_1_0_, quiz0_.user_name as user_nam6_1_0_ from quiz quiz0_ where quiz0_.id=?&#10;Hibernate: select user0_.id as id1_2_, user0_.email as email2_2_, user0_.password as password3_2_, user0_.role as role4_2_ from user user0_ where user0_.email=?&#10;Hibernate: select quiz0_.id as id1_1_0_, quiz0_.answer as answer2_1_0_, quiz0_.options as options3_1_0_, quiz0_.text as text4_1_0_, quiz0_.title as title5_1_0_, quiz0_.user_name as user_nam6_1_0_ from quiz quiz0_ where quiz0_.id=?&#10;Hibernate: call next value for hibernate_sequence&#10;Hibernate: insert into completed_quizzes_log (completed_at, id, user_id, log_id) values (?, ?, ?, ?)&#10;Hibernate: select user0_.id as id1_2_, user0_.email as email2_2_, user0_.password as password3_2_, user0_.role as role4_2_ from user user0_ where user0_.email=?&#10;Hibernate: select quiz0_.id as id1_1_0_, quiz0_.answer as answer2_1_0_, quiz0_.options as options3_1_0_, quiz0_.text as text4_1_0_, quiz0_.title as title5_1_0_, quiz0_.user_name as user_nam6_1_0_ from quiz quiz0_ where quiz0_.id=?&#10;Hibernate: select user0_.id as id1_2_, user0_.email as email2_2_, user0_.password as password3_2_, user0_.role as role4_2_ from user user0_ where user0_.email=?&#10;Hibernate: select quiz0_.id as id1_1_0_, quiz0_.answer as answer2_1_0_, quiz0_.options as options3_1_0_, quiz0_.text as text4_1_0_, quiz0_.title as title5_1_0_, quiz0_.user_name as user_nam6_1_0_ from quiz quiz0_ where quiz0_.id=?&#10;Hibernate: select user0_.id as id1_2_, user0_.email as email2_2_, user0_.password as password3_2_, user0_.role as role4_2_ from user user0_ where user0_.email=?&#10;Hibernate: select quiz0_.id as id1_1_0_, quiz0_.answer as answer2_1_0_, quiz0_.options as options3_1_0_, quiz0_.text as text4_1_0_, quiz0_.title as title5_1_0_, quiz0_.user_name as user_nam6_1_0_ from quiz quiz0_ where quiz0_.id=?&#10;Hibernate: call next value for hibernate_sequence&#10;Hibernate: insert into completed_quizzes_log (completed_at, id, user_id, log_id) values (?, ?, ?, ?)&#10;Hibernate: select user0_.id as id1_2_, user0_.email as email2_2_, user0_.password as password3_2_, user0_.role as role4_2_ from user user0_ where user0_.email=?&#10;Hibernate: select quiz0_.id as id1_1_0_, quiz0_.answer as answer2_1_0_, quiz0_.options as options3_1_0_, quiz0_.text as text4_1_0_, quiz0_.title as title5_1_0_, quiz0_.user_name as user_nam6_1_0_ from quiz quiz0_ where quiz0_.id=?&#10;Hibernate: select user0_.id as id1_2_, user0_.email as email2_2_, user0_.password as password3_2_, user0_.role as role4_2_ from user user0_ where user0_.email=?&#10;Hibernate: select quiz0_.id as id1_1_0_, quiz0_.answer as answer2_1_0_, quiz0_.options as options3_1_0_, quiz0_.text as text4_1_0_, quiz0_.title as title5_1_0_, quiz0_.user_name as user_nam6_1_0_ from quiz quiz0_ where quiz0_.id=?&#10;Hibernate: select user0_.id as id1_2_, user0_.email as email2_2_, user0_.password as password3_2_, user0_.role as role4_2_ from user user0_ where user0_.email=?&#10;Hibernate: select completedq0_.log_id as log_id1_0_, completedq0_.completed_at as complete2_0_, completedq0_.id as id3_0_, completedq0_.user_id as user_id4_0_ from completed_quizzes_log completedq0_ where completedq0_.user_id=? order by completedq0_.completed_at asc limit ?&#10;Hibernate: select user0_.id as id1_2_, user0_.email as email2_2_, user0_.password as password3_2_, user0_.role as role4_2_ from user user0_ where user0_.email=?&#10;Hibernate: select completedq0_.log_id as log_id1_0_, completedq0_.completed_at as complete2_0_, completedq0_.id as id3_0_, completedq0_.user_id as user_id4_0_ from completed_quizzes_log completedq0_ where completedq0_.user_id=? order by completedq0_.completed_at asc limit ?&#10;Hibernate: select user0_.id as id1_2_, user0_.email as email2_2_, user0_.password as password3_2_, user0_.role as role4_2_ from user user0_ where user0_.email=?&#10;Hibernate: select quiz0_.id as id1_1_, quiz0_.answer as answer2_1_, quiz0_.options as options3_1_, quiz0_.text as text4_1_, quiz0_.title as title5_1_, quiz0_.user_name as user_nam6_1_ from quiz quiz0_ limit ?&#10;Hibernate: select user0_.id as id1_2_, user0_.email as email2_2_, user0_.password as password3_2_, user0_.role as role4_2_ from user user0_ where user0_.email=?&#10;Hibernate: select quiz0_.id as id1_1_, quiz0_.answer as answer2_1_, quiz0_.options as options3_1_, quiz0_.text as text4_1_, quiz0_.title as title5_1_, quiz0_.user_name as user_nam6_1_ from quiz quiz0_ limit ?&#10;2022-09-01 13:07:01.544  INFO 5444 --- [       Thread-5] j.LocalContainerEntityManagerFactoryBean : Closing JPA EntityManagerFactory for persistence unit 'default'&#10;2022-09-01 13:07:01.547  INFO 5444 --- [       Thread-5] com.zaxxer.hikari.HikariDataSource       : HikariPool-1 - Shutdown initiated...&#10;2022-09-01 13:07:01.595  INFO 5444 --- [       Thread-5] com.zaxxer.hikari.HikariDataSource       : HikariPool-1 - Shutdown completed.&#10;&#10;  .   ____          _            __ _ _&#10; /\\ / ___'_ __ _ _(_)_ __  __ _ \ \ \ \&#10;( ( )\___ | '_ | '_| | '_ \/ _` | \ \ \ \&#10; \\/  ___)| |_)| | | | | || (_| |  ) ) ) )&#10;  '  |____| .__|_| |_|_| |_\__, | / / / /&#10; =========|_|==============|___/=/_/_/_/&#10; :: Spring Boot ::                (v2.5.6)&#10;&#10;2022-09-01 13:07:01.724  INFO 5444 --- [    Test worker] engine.WebQuizEngine                     : Starting WebQuizEngine using Java 17.0.2 on Marvin with PID 5444 (started by Marvin in C:\Users\Marvin\Desktop\challengingProject\Web Quiz Engine\Web Quiz Engine\task)&#10;2022-09-01 13:07:01.725  INFO 5444 --- [    Test worker] engine.WebQuizEngine                     : No active profile set, falling back to default profiles: default&#10;2022-09-01 13:07:02.281  INFO 5444 --- [    Test worker] .s.d.r.c.RepositoryConfigurationDelegate : Bootstrapping Spring Data JPA repositories in DEFAULT mode.&#10;2022-09-01 13:07:02.314  INFO 5444 --- [    Test worker] .s.d.r.c.RepositoryConfigurationDelegate : Finished Spring Data repository scanning in 33 ms. Found 3 JPA repository interfaces.&#10;2022-09-01 13:07:02.451  INFO 5444 --- [    Test worker] o.s.b.w.embedded.tomcat.TomcatWebServer  : Tomcat initialized with port(s): 8889 (http)&#10;2022-09-01 13:07:02.453  INFO 5444 --- [    Test worker] o.apache.catalina.core.StandardService   : Starting service [Tomcat]&#10;2022-09-01 13:07:02.453  INFO 5444 --- [    Test worker] org.apache.catalina.core.StandardEngine  : Starting Servlet engine: [Apache Tomcat/9.0.54]&#10;2022-09-01 13:07:02.523  INFO 5444 --- [    Test worker] o.a.c.c.C.[Tomcat].[localhost].[/]       : Initializing Spring embedded WebApplicationContext&#10;2022-09-01 13:07:02.523  INFO 5444 --- [    Test worker] w.s.c.ServletWebServerApplicationContext : Root WebApplicationContext: initialization completed in 792 ms&#10;2022-09-01 13:07:02.571  INFO 5444 --- [    Test worker] com.zaxxer.hikari.HikariDataSource       : HikariPool-2 - Starting...&#10;2022-09-01 13:07:02.590  INFO 5444 --- [    Test worker] com.zaxxer.hikari.HikariDataSource       : HikariPool-2 - Start completed.&#10;2022-09-01 13:07:02.590  INFO 5444 --- [    Test worker] o.s.b.a.h2.H2ConsoleAutoConfiguration    : H2 console available at '/h2-console'. Database available at 'jdbc:h2:file:../quizdb'&#10;2022-09-01 13:07:02.647  INFO 5444 --- [    Test worker] o.hibernate.jpa.internal.util.LogHelper  : HHH000204: Processing PersistenceUnitInfo [name: default]&#10;2022-09-01 13:07:02.660  INFO 5444 --- [    Test worker] org.hibernate.dialect.Dialect            : HHH000400: Using dialect: org.hibernate.dialect.H2Dialect&#10;2022-09-01 13:07:02.771  INFO 5444 --- [    Test worker] o.h.e.t.j.p.i.JtaPlatformInitiator       : HHH000490: Using JtaPlatform implementation: [org.hibernate.engine.transaction.jta.platform.internal.NoJtaPlatform]&#10;2022-09-01 13:07:02.771  INFO 5444 --- [    Test worker] j.LocalContainerEntityManagerFactoryBean : Initialized JPA EntityManagerFactory for persistence unit 'default'&#10;2022-09-01 13:07:02.964  WARN 5444 --- [    Test worker] JpaBaseConfiguration$JpaWebConfiguration : spring.jpa.open-in-view is enabled by default. Therefore, database queries may be performed during view rendering. Explicitly configure spring.jpa.open-in-view to disable this warning&#10;2022-09-01 13:07:03.133  INFO 5444 --- [    Test worker] o.s.b.a.e.web.EndpointLinksResolver      : Exposing 14 endpoint(s) beneath base path '/actuator'&#10;2022-09-01 13:07:03.147  INFO 5444 --- [    Test worker] o.s.s.web.DefaultSecurityFilterChain     : Will secure any request with [org.springframework.security.web.context.request.async.WebAsyncManagerIntegrationFilter@36e8fefe, org.springframework.security.web.context.SecurityContextPersistenceFilter@6fb514db, org.springframework.security.web.header.HeaderWriterFilter@158e3a79, org.springframework.security.web.authentication.logout.LogoutFilter@16575bfe, org.springframework.security.web.authentication.www.BasicAuthenticationFilter@1e79b0fc, org.springframework.security.web.savedrequest.RequestCacheAwareFilter@267a0b6a, org.springframework.security.web.servletapi.SecurityContextHolderAwareRequestFilter@42c3b02e, org.springframework.security.web.authentication.AnonymousAuthenticationFilter@5e8633da, org.springframework.security.web.session.SessionManagementFilter@7a7d25ca, org.springframework.security.web.access.ExceptionTranslationFilter@4d609cc3, org.springframework.security.web.access.intercept.FilterSecurityInterceptor@6019ce4b]&#10;2022-09-01 13:07:03.260  INFO 5444 --- [    Test worker] o.s.b.w.embedded.tomcat.TomcatWebServer  : Tomcat started on port(s): 8889 (http) with context path ''&#10;2022-09-01 13:07:03.267  INFO 5444 --- [    Test worker] engine.WebQuizEngine                     : Started WebQuizEngine in 1.598 seconds (JVM running for 17.543)&#10;2022-09-01 13:07:03.285  INFO 5444 --- [nio-8889-exec-1] o.a.c.c.C.[Tomcat].[localhost].[/]       : Initializing Spring DispatcherServlet 'dispatcherServlet'&#10;2022-09-01 13:07:03.287  INFO 5444 --- [nio-8889-exec-1] o.s.web.servlet.DispatcherServlet        : Initializing Servlet 'dispatcherServlet'&#10;2022-09-01 13:07:03.289  INFO 5444 --- [nio-8889-exec-1] o.s.web.servlet.DispatcherServlet        : Completed initialization in 2 ms&#10;Hibernate: select user0_.id as id1_2_, user0_.email as email2_2_, user0_.password as password3_2_, user0_.role as role4_2_ from user user0_ where user0_.email=?&#10;Hibernate: select quiz0_.id as id1_1_, quiz0_.answer as answer2_1_, quiz0_.options as options3_1_, quiz0_.text as text4_1_, quiz0_.title as title5_1_, quiz0_.user_name as user_nam6_1_ from quiz quiz0_ limit ?&#10;Hibernate: select user0_.id as id1_2_, user0_.email as email2_2_, user0_.password as password3_2_, user0_.role as role4_2_ from user user0_ where user0_.email=?&#10;Hibernate: select quiz0_.id as id1_1_, quiz0_.answer as answer2_1_, quiz0_.options as options3_1_, quiz0_.text as text4_1_, quiz0_.title as title5_1_, quiz0_.user_name as user_nam6_1_ from quiz quiz0_ limit ?&#10;Hibernate: select user0_.id as id1_2_, user0_.email as email2_2_, user0_.password as password3_2_, user0_.role as role4_2_ from user user0_ where user0_.email=?&#10;Hibernate: select quiz0_.id as id1_1_0_, quiz0_.answer as answer2_1_0_, quiz0_.options as options3_1_0_, quiz0_.text as text4_1_0_, quiz0_.title as title5_1_0_, quiz0_.user_name as user_nam6_1_0_ from quiz quiz0_ where quiz0_.id=?&#10;Hibernate: call next value for hibernate_sequence&#10;Hibernate: insert into completed_quizzes_log (completed_at, id, user_id, log_id) values (?, ?, ?, ?)&#10;Hibernate: select user0_.id as id1_2_, user0_.email as email2_2_, user0_.password as password3_2_, user0_.role as role4_2_ from user user0_ where user0_.email=?&#10;Hibernate: select quiz0_.id as id1_1_0_, quiz0_.answer as answer2_1_0_, quiz0_.options as options3_1_0_, quiz0_.text as text4_1_0_, quiz0_.title as title5_1_0_, quiz0_.user_name as user_nam6_1_0_ from quiz quiz0_ where quiz0_.id=?&#10;Hibernate: select user0_.id as id1_2_, user0_.email as email2_2_, user0_.password as password3_2_, user0_.role as role4_2_ from user user0_ where user0_.email=?&#10;Hibernate: select quiz0_.id as id1_1_0_, quiz0_.answer as answer2_1_0_, quiz0_.options as options3_1_0_, quiz0_.text as text4_1_0_, quiz0_.title as title5_1_0_, quiz0_.user_name as user_nam6_1_0_ from quiz quiz0_ where quiz0_.id=?&#10;Hibernate: select user0_.id as id1_2_, user0_.email as email2_2_, user0_.password as password3_2_, user0_.role as role4_2_ from user user0_ where user0_.email=?&#10;Hibernate: select quiz0_.id as id1_1_0_, quiz0_.answer as answer2_1_0_, quiz0_.options as options3_1_0_, quiz0_.text as text4_1_0_, quiz0_.title as title5_1_0_, quiz0_.user_name as user_nam6_1_0_ from quiz quiz0_ where quiz0_.id=?&#10;Hibernate: call next value for hibernate_sequence&#10;Hibernate: insert into completed_quizzes_log (completed_at, id, user_id, log_id) values (?, ?, ?, ?)&#10;Hibernate: select user0_.id as id1_2_, user0_.email as email2_2_, user0_.password as password3_2_, user0_.role as role4_2_ from user user0_ where user0_.email=?&#10;Hibernate: select completedq0_.log_id as log_id1_0_, completedq0_.completed_at as complete2_0_, completedq0_.id as id3_0_, completedq0_.user_id as user_id4_0_ from completed_quizzes_log completedq0_ where completedq0_.user_id=? order by completedq0_.completed_at asc limit ?" type="java.lang.AssertionError">java.lang.AssertionError: Wrong answer in test #53

The JSON element at path &quot;/content/1/id&quot; should equal to 3, found 4

Full JSON:
{
  &quot;content&quot;: [
    {
      &quot;id&quot;: 3,
      &quot;completedAt&quot;: &quot;2022-09-01T13:06:59.925202&quot;
    },
    {
      &quot;id&quot;: 4,
      &quot;completedAt&quot;: &quot;2022-09-01T13:07:04.045185&quot;
    }
  ],
  &quot;pageable&quot;: {
    &quot;sort&quot;: {
      &quot;empty&quot;: false,
      &quot;unsorted&quot;: false,
      &quot;sorted&quot;: true
    },
    &quot;offset&quot;: 0,
    &quot;pageSize&quot;: 10,
    &quot;pageNumber&quot;: 0,
    &quot;paged&quot;: true,
    &quot;unpaged&quot;: false
  },
  &quot;last&quot;: true,
  &quot;totalPages&quot;: 1,
  &quot;totalElements&quot;: 2,
  &quot;size&quot;: 10,
  &quot;number&quot;: 0,
  &quot;sort&quot;: {
    &quot;empty&quot;: false,
    &quot;unsorted&quot;: false,
    &quot;sorted&quot;: true
  },
  &quot;first&quot;: true,
  &quot;numberOfElements&quot;: 2,
  &quot;empty&quot;: false
}

Please find below the output of your program during this failed test.

---

.   ____          _            __ _ _
 /\\ / ___'_ __ _ _(_)_ __  __ _ \ \ \ \
( ( )\___ | '_ | '_| | '_ \/ _` | \ \ \ \
 \\/  ___)| |_)| | | | | || (_| |  ) ) ) )
  '  |____| .__|_| |_|_| |_\__, | / / / /
 =========|_|==============|___/=/_/_/_/
 :: Spring Boot ::                (v2.5.6)

2022-09-01 13:06:48.462  INFO 5444 --- [    Test worker] engine.WebQuizEngine                     : Starting WebQuizEngine using Java 17.0.2 on Marvin with PID 5444 (started by Marvin in C:\Users\Marvin\Desktop\challengingProject\Web Quiz Engine\Web Quiz Engine\task)
2022-09-01 13:06:48.469  INFO 5444 --- [    Test worker] engine.WebQuizEngine                     : No active profile set, falling back to default profiles: default
2022-09-01 13:06:50.474  INFO 5444 --- [    Test worker] .s.d.r.c.RepositoryConfigurationDelegate : Bootstrapping Spring Data JPA repositories in DEFAULT mode.
2022-09-01 13:06:50.600  INFO 5444 --- [    Test worker] .s.d.r.c.RepositoryConfigurationDelegate : Finished Spring Data repository scanning in 107 ms. Found 3 JPA repository interfaces.
2022-09-01 13:06:51.573  INFO 5444 --- [    Test worker] o.s.b.w.embedded.tomcat.TomcatWebServer  : Tomcat initialized with port(s): 8889 (http)
2022-09-01 13:06:51.593  INFO 5444 --- [    Test worker] o.apache.catalina.core.StandardService   : Starting service [Tomcat]
2022-09-01 13:06:51.594  INFO 5444 --- [    Test worker] org.apache.catalina.core.StandardEngine  : Starting Servlet engine: [Apache Tomcat/9.0.54]
2022-09-01 13:06:51.789  INFO 5444 --- [    Test worker] o.a.c.c.C.[Tomcat].[localhost].[/]       : Initializing Spring embedded WebApplicationContext
2022-09-01 13:06:51.789  INFO 5444 --- [    Test worker] w.s.c.ServletWebServerApplicationContext : Root WebApplicationContext: initialization completed in 3222 ms
2022-09-01 13:06:51.993  INFO 5444 --- [    Test worker] com.zaxxer.hikari.HikariDataSource       : HikariPool-1 - Starting...
2022-09-01 13:06:52.367  INFO 5444 --- [    Test worker] com.zaxxer.hikari.HikariDataSource       : HikariPool-1 - Start completed.
2022-09-01 13:06:52.381  INFO 5444 --- [    Test worker] o.s.b.a.h2.H2ConsoleAutoConfiguration    : H2 console available at '/h2-console'. Database available at 'jdbc:h2:file:../quizdb'
2022-09-01 13:06:52.652  INFO 5444 --- [    Test worker] o.hibernate.jpa.internal.util.LogHelper  : HHH000204: Processing PersistenceUnitInfo [name: default]
2022-09-01 13:06:52.773  INFO 5444 --- [    Test worker] org.hibernate.Version                    : HHH000412: Hibernate ORM core version 5.4.32.Final
2022-09-01 13:06:53.064  INFO 5444 --- [    Test worker] o.hibernate.annotations.common.Version   : HCANN000001: Hibernate Commons Annotations {5.1.2.Final}
2022-09-01 13:06:53.302  INFO 5444 --- [    Test worker] org.hibernate.dialect.Dialect            : HHH000400: Using dialect: org.hibernate.dialect.H2Dialect
Hibernate: create table completed_quizzes_log (log_id bigint not null, completed_at timestamp not null, id bigint not null, user_id varchar(255) not null, primary key (log_id))
Hibernate: create table quiz (id bigint not null, answer binary(255), options binary(255), text varchar(255), title varchar(255), user_name varchar(255), primary key (id))
Hibernate: create table user (id bigint not null, email varchar(255), password varchar(255), role varchar(255), primary key (id))
Hibernate: create sequence hibernate_sequence start with 1 increment by 1
2022-09-01 13:06:54.481  INFO 5444 --- [    Test worker] o.h.e.t.j.p.i.JtaPlatformInitiator       : HHH000490: Using JtaPlatform implementation: [org.hibernate.engine.transaction.jta.platform.internal.NoJtaPlatform]
2022-09-01 13:06:54.499  INFO 5444 --- [    Test worker] j.LocalContainerEntityManagerFactoryBean : Initialized JPA EntityManagerFactory for persistence unit 'default'
2022-09-01 13:06:55.338  WARN 5444 --- [    Test worker] JpaBaseConfiguration$JpaWebConfiguration : spring.jpa.open-in-view is enabled by default. Therefore, database queries may be performed during view rendering. Explicitly configure spring.jpa.open-in-view to disable this warning
2022-09-01 13:06:56.052  INFO 5444 --- [    Test worker] o.s.b.a.e.web.EndpointLinksResolver      : Exposing 14 endpoint(s) beneath base path '/actuator'
2022-09-01 13:06:56.164  INFO 5444 --- [    Test worker] o.s.s.web.DefaultSecurityFilterChain     : Will secure any request with [org.springframework.security.web.context.request.async.WebAsyncManagerIntegrationFilter@6c399d4, org.springframework.security.web.context.SecurityContextPersistenceFilter@28b47211, org.springframework.security.web.header.HeaderWriterFilter@d62feaf, org.springframework.security.web.authentication.logout.LogoutFilter@3dcf6026, org.springframework.security.web.authentication.www.BasicAuthenticationFilter@5c20841d, org.springframework.security.web.savedrequest.RequestCacheAwareFilter@247415be, org.springframework.security.web.servletapi.SecurityContextHolderAwareRequestFilter@4fe3199d, org.springframework.security.web.authentication.AnonymousAuthenticationFilter@726dd367, org.springframework.security.web.session.SessionManagementFilter@108fd5d5, org.springframework.security.web.access.ExceptionTranslationFilter@5d03df76, org.springframework.security.web.access.intercept.FilterSecurityInterceptor@6d4df1d2]
2022-09-01 13:06:56.614  INFO 5444 --- [    Test worker] o.s.b.w.embedded.tomcat.TomcatWebServer  : Tomcat started on port(s): 8889 (http) with context path ''
2022-09-01 13:06:56.633  INFO 5444 --- [    Test worker] engine.WebQuizEngine                     : Started WebQuizEngine in 9.088 seconds (JVM running for 10.908)
2022-09-01 13:06:57.137  INFO 5444 --- [nio-8889-exec-1] o.a.c.c.C.[Tomcat].[localhost].[/]       : Initializing Spring DispatcherServlet 'dispatcherServlet'
2022-09-01 13:06:57.138  INFO 5444 --- [nio-8889-exec-1] o.s.web.servlet.DispatcherServlet        : Initializing Servlet 'dispatcherServlet'
2022-09-01 13:06:57.140  INFO 5444 --- [nio-8889-exec-1] o.s.web.servlet.DispatcherServlet        : Completed initialization in 2 ms
Hibernate: select user0_.id as id1_2_, user0_.email as email2_2_, user0_.password as password3_2_, user0_.role as role4_2_ from user user0_ where user0_.email=?
Hibernate: call next value for hibernate_sequence
Hibernate: insert into user (email, password, role, id) values (?, ?, ?, ?)
Hibernate: select user0_.id as id1_2_, user0_.email as email2_2_, user0_.password as password3_2_, user0_.role as role4_2_ from user user0_ where user0_.email=?
Hibernate: call next value for hibernate_sequence
Hibernate: insert into user (email, password, role, id) values (?, ?, ?, ?)
2022-09-01 13:06:57.921  WARN 5444 --- [nio-8889-exec-3] .w.s.m.s.DefaultHandlerExceptionResolver : Resolved [org.springframework.web.bind.MethodArgumentNotValidException: Validation failed for argument [0] in public void engine.controller.RegistrationController.registerUser(engine.entity.User): [Field error in object 'user' on field 'email': rejected value [google.com]; codes [Email.user.email,Email.email,Email.java.lang.String,Email]; arguments [org.springframework.context.support.DefaultMessageSourceResolvable: codes [user.email,email]; arguments []; default message [email],[Ljavax.validation.constraints.Pattern$Flag;@263cff25,.+@.+\..+]; default message [must be a well-formed email address]] ]
2022-09-01 13:06:57.978  WARN 5444 --- [nio-8889-exec-4] .w.s.m.s.DefaultHandlerExceptionResolver : Resolved [org.springframework.web.bind.MethodArgumentNotValidException: Validation failed for argument [0] in public void engine.controller.RegistrationController.registerUser(engine.entity.User): [Field error in object 'user' on field 'email': rejected value [well@googlecom]; codes [Email.user.email,Email.email,Email.java.lang.String,Email]; arguments [org.springframework.context.support.DefaultMessageSourceResolvable: codes [user.email,email]; arguments []; default message [email],[Ljavax.validation.constraints.Pattern$Flag;@263cff25,.+@.+\..+]; default message [must be a well-formed email address]] ]
Hibernate: select user0_.id as id1_2_, user0_.email as email2_2_, user0_.password as password3_2_, user0_.role as role4_2_ from user user0_ where user0_.email=?
2022-09-01 13:06:58.043  WARN 5444 --- [nio-8889-exec-7] .w.s.m.s.DefaultHandlerExceptionResolver : Resolved [org.springframework.web.bind.MethodArgumentNotValidException: Validation failed for argument [0] in public void engine.controller.RegistrationController.registerUser(engine.entity.User): [Field error in object 'user' on field 'password': rejected value [1234]; codes [Size.user.password,Size.password,Size.java.lang.String,Size]; arguments [org.springframework.context.support.DefaultMessageSourceResolvable: codes [user.password,password]; arguments []; default message [password],2147483647,5]; default message [size must be between 5 and 2147483647]] ]
2022-09-01 13:06:58.075  WARN 5444 --- [nio-8889-exec-9] .w.s.m.s.DefaultHandlerExceptionResolver : Resolved [org.springframework.web.bind.MethodArgumentNotValidException: Validation failed for argument [0] in public void engine.controller.RegistrationController.registerUser(engine.entity.User): [Field error in object 'user' on field 'password': rejected value [123]; codes [Size.user.password,Size.password,Size.java.lang.String,Size]; arguments [org.springframework.context.support.DefaultMessageSourceResolvable: codes [user.password,password]; arguments []; default message [password],2147483647,5]; default message [size must be between 5 and 2147483647]] ]
Hibernate: select user0_.id as id1_2_, user0_.email as email2_2_, user0_.password as password3_2_, user0_.role as role4_2_ from user user0_ where user0_.email=?
Hibernate: select quiz0_.id as id1_1_, quiz0_.answer as answer2_1_, quiz0_.options as options3_1_, quiz0_.text as text4_1_, quiz0_.title as title5_1_, quiz0_.user_name as user_nam6_1_ from quiz quiz0_ limit ?
Hibernate: select user0_.id as id1_2_, user0_.email as email2_2_, user0_.password as password3_2_, user0_.role as role4_2_ from user user0_ where user0_.email=?
Hibernate: select quiz0_.id as id1_1_, quiz0_.answer as answer2_1_, quiz0_.options as options3_1_, quiz0_.text as text4_1_, quiz0_.title as title5_1_, quiz0_.user_name as user_nam6_1_ from quiz quiz0_ limit ?
Hibernate: select user0_.id as id1_2_, user0_.email as email2_2_, user0_.password as password3_2_, user0_.role as role4_2_ from user user0_ where user0_.email=?
Hibernate: call next value for hibernate_sequence
Hibernate: insert into quiz (answer, options, text, title, user_name, id) values (?, ?, ?, ?, ?, ?)
Hibernate: select user0_.id as id1_2_, user0_.email as email2_2_, user0_.password as password3_2_, user0_.role as role4_2_ from user user0_ where user0_.email=?
Hibernate: select quiz0_.id as id1_1_0_, quiz0_.answer as answer2_1_0_, quiz0_.options as options3_1_0_, quiz0_.text as text4_1_0_, quiz0_.title as title5_1_0_, quiz0_.user_name as user_nam6_1_0_ from quiz quiz0_ where quiz0_.id=?
Hibernate: select user0_.id as id1_2_, user0_.email as email2_2_, user0_.password as password3_2_, user0_.role as role4_2_ from user user0_ where user0_.email=?
Hibernate: select quiz0_.id as id1_1_0_, quiz0_.answer as answer2_1_0_, quiz0_.options as options3_1_0_, quiz0_.text as text4_1_0_, quiz0_.title as title5_1_0_, quiz0_.user_name as user_nam6_1_0_ from quiz quiz0_ where quiz0_.id=?
Hibernate: select user0_.id as id1_2_, user0_.email as email2_2_, user0_.password as password3_2_, user0_.role as role4_2_ from user user0_ where user0_.email=?
Hibernate: select quiz0_.id as id1_1_, quiz0_.answer as answer2_1_, quiz0_.options as options3_1_, quiz0_.text as text4_1_, quiz0_.title as title5_1_, quiz0_.user_name as user_nam6_1_ from quiz quiz0_ limit ?
Hibernate: select user0_.id as id1_2_, user0_.email as email2_2_, user0_.password as password3_2_, user0_.role as role4_2_ from user user0_ where user0_.email=?
Hibernate: call next value for hibernate_sequence
Hibernate: insert into quiz (answer, options, text, title, user_name, id) values (?, ?, ?, ?, ?, ?)
Hibernate: select user0_.id as id1_2_, user0_.email as email2_2_, user0_.password as password3_2_, user0_.role as role4_2_ from user user0_ where user0_.email=?
Hibernate: select quiz0_.id as id1_1_0_, quiz0_.answer as answer2_1_0_, quiz0_.options as options3_1_0_, quiz0_.text as text4_1_0_, quiz0_.title as title5_1_0_, quiz0_.user_name as user_nam6_1_0_ from quiz quiz0_ where quiz0_.id=?
Hibernate: select user0_.id as id1_2_, user0_.email as email2_2_, user0_.password as password3_2_, user0_.role as role4_2_ from user user0_ where user0_.email=?
Hibernate: select quiz0_.id as id1_1_0_, quiz0_.answer as answer2_1_0_, quiz0_.options as options3_1_0_, quiz0_.text as text4_1_0_, quiz0_.title as title5_1_0_, quiz0_.user_name as user_nam6_1_0_ from quiz quiz0_ where quiz0_.id=?
Hibernate: select user0_.id as id1_2_, user0_.email as email2_2_, user0_.password as password3_2_, user0_.role as role4_2_ from user user0_ where user0_.email=?
Hibernate: select quiz0_.id as id1_1_, quiz0_.answer as answer2_1_, quiz0_.options as options3_1_, quiz0_.text as text4_1_, quiz0_.title as title5_1_, quiz0_.user_name as user_nam6_1_ from quiz quiz0_ limit ?
Hibernate: select user0_.id as id1_2_, user0_.email as email2_2_, user0_.password as password3_2_, user0_.role as role4_2_ from user user0_ where user0_.email=?
Hibernate: select user0_.id as id1_2_, user0_.email as email2_2_, user0_.password as password3_2_, user0_.role as role4_2_ from user user0_ where user0_.email=?
Hibernate: select user0_.id as id1_2_, user0_.email as email2_2_, user0_.password as password3_2_, user0_.role as role4_2_ from user user0_ where user0_.email=?
Hibernate: select user0_.id as id1_2_, user0_.email as email2_2_, user0_.password as password3_2_, user0_.role as role4_2_ from user user0_ where user0_.email=?
Hibernate: select user0_.id as id1_2_, user0_.email as email2_2_, user0_.password as password3_2_, user0_.role as role4_2_ from user user0_ where user0_.email=?
Hibernate: select user0_.id as id1_2_, user0_.email as email2_2_, user0_.password as password3_2_, user0_.role as role4_2_ from user user0_ where user0_.email=?
Hibernate: select user0_.id as id1_2_, user0_.email as email2_2_, user0_.password as password3_2_, user0_.role as role4_2_ from user user0_ where user0_.email=?
Hibernate: select user0_.id as id1_2_, user0_.email as email2_2_, user0_.password as password3_2_, user0_.role as role4_2_ from user user0_ where user0_.email=?
Hibernate: select user0_.id as id1_2_, user0_.email as email2_2_, user0_.password as password3_2_, user0_.role as role4_2_ from user user0_ where user0_.email=?
Hibernate: select quiz0_.id as id1_1_0_, quiz0_.answer as answer2_1_0_, quiz0_.options as options3_1_0_, quiz0_.text as text4_1_0_, quiz0_.title as title5_1_0_, quiz0_.user_name as user_nam6_1_0_ from quiz quiz0_ where quiz0_.id=?
Hibernate: select user0_.id as id1_2_, user0_.email as email2_2_, user0_.password as password3_2_, user0_.role as role4_2_ from user user0_ where user0_.email=?
Hibernate: select quiz0_.id as id1_1_0_, quiz0_.answer as answer2_1_0_, quiz0_.options as options3_1_0_, quiz0_.text as text4_1_0_, quiz0_.title as title5_1_0_, quiz0_.user_name as user_nam6_1_0_ from quiz quiz0_ where quiz0_.id=?
Hibernate: select user0_.id as id1_2_, user0_.email as email2_2_, user0_.password as password3_2_, user0_.role as role4_2_ from user user0_ where user0_.email=?
Hibernate: select quiz0_.id as id1_1_0_, quiz0_.answer as answer2_1_0_, quiz0_.options as options3_1_0_, quiz0_.text as text4_1_0_, quiz0_.title as title5_1_0_, quiz0_.user_name as user_nam6_1_0_ from quiz quiz0_ where quiz0_.id=?
Hibernate: call next value for hibernate_sequence
Hibernate: insert into completed_quizzes_log (completed_at, id, user_id, log_id) values (?, ?, ?, ?)
Hibernate: select user0_.id as id1_2_, user0_.email as email2_2_, user0_.password as password3_2_, user0_.role as role4_2_ from user user0_ where user0_.email=?
Hibernate: select quiz0_.id as id1_1_0_, quiz0_.answer as answer2_1_0_, quiz0_.options as options3_1_0_, quiz0_.text as text4_1_0_, quiz0_.title as title5_1_0_, quiz0_.user_name as user_nam6_1_0_ from quiz quiz0_ where quiz0_.id=?
Hibernate: select user0_.id as id1_2_, user0_.email as email2_2_, user0_.password as password3_2_, user0_.role as role4_2_ from user user0_ where user0_.email=?
Hibernate: select quiz0_.id as id1_1_0_, quiz0_.answer as answer2_1_0_, quiz0_.options as options3_1_0_, quiz0_.text as text4_1_0_, quiz0_.title as title5_1_0_, quiz0_.user_name as user_nam6_1_0_ from quiz quiz0_ where quiz0_.id=?
Hibernate: select user0_.id as id1_2_, user0_.email as email2_2_, user0_.password as password3_2_, user0_.role as role4_2_ from user user0_ where user0_.email=?
Hibernate: select quiz0_.id as id1_1_0_, quiz0_.answer as answer2_1_0_, quiz0_.options as options3_1_0_, quiz0_.text as text4_1_0_, quiz0_.title as title5_1_0_, quiz0_.user_name as user_nam6_1_0_ from quiz quiz0_ where quiz0_.id=?
Hibernate: call next value for hibernate_sequence
Hibernate: insert into completed_quizzes_log (completed_at, id, user_id, log_id) values (?, ?, ?, ?)
Hibernate: select user0_.id as id1_2_, user0_.email as email2_2_, user0_.password as password3_2_, user0_.role as role4_2_ from user user0_ where user0_.email=?
Hibernate: select quiz0_.id as id1_1_0_, quiz0_.answer as answer2_1_0_, quiz0_.options as options3_1_0_, quiz0_.text as text4_1_0_, quiz0_.title as title5_1_0_, quiz0_.user_name as user_nam6_1_0_ from quiz quiz0_ where quiz0_.id=?
Hibernate: select user0_.id as id1_2_, user0_.email as email2_2_, user0_.password as password3_2_, user0_.role as role4_2_ from user user0_ where user0_.email=?
Hibernate: select quiz0_.id as id1_1_0_, quiz0_.answer as answer2_1_0_, quiz0_.options as options3_1_0_, quiz0_.text as text4_1_0_, quiz0_.title as title5_1_0_, quiz0_.user_name as user_nam6_1_0_ from quiz quiz0_ where quiz0_.id=?
Hibernate: select user0_.id as id1_2_, user0_.email as email2_2_, user0_.password as password3_2_, user0_.role as role4_2_ from user user0_ where user0_.email=?
Hibernate: select completedq0_.log_id as log_id1_0_, completedq0_.completed_at as complete2_0_, completedq0_.id as id3_0_, completedq0_.user_id as user_id4_0_ from completed_quizzes_log completedq0_ where completedq0_.user_id=? order by completedq0_.completed_at asc limit ?
Hibernate: select user0_.id as id1_2_, user0_.email as email2_2_, user0_.password as password3_2_, user0_.role as role4_2_ from user user0_ where user0_.email=?
Hibernate: select completedq0_.log_id as log_id1_0_, completedq0_.completed_at as complete2_0_, completedq0_.id as id3_0_, completedq0_.user_id as user_id4_0_ from completed_quizzes_log completedq0_ where completedq0_.user_id=? order by completedq0_.completed_at asc limit ?
Hibernate: select user0_.id as id1_2_, user0_.email as email2_2_, user0_.password as password3_2_, user0_.role as role4_2_ from user user0_ where user0_.email=?
Hibernate: select quiz0_.id as id1_1_, quiz0_.answer as answer2_1_, quiz0_.options as options3_1_, quiz0_.text as text4_1_, quiz0_.title as title5_1_, quiz0_.user_name as user_nam6_1_ from quiz quiz0_ limit ?
Hibernate: select user0_.id as id1_2_, user0_.email as email2_2_, user0_.password as password3_2_, user0_.role as role4_2_ from user user0_ where user0_.email=?
Hibernate: select quiz0_.id as id1_1_, quiz0_.answer as answer2_1_, quiz0_.options as options3_1_, quiz0_.text as text4_1_, quiz0_.title as title5_1_, quiz0_.user_name as user_nam6_1_ from quiz quiz0_ limit ?
2022-09-01 13:07:01.544  INFO 5444 --- [       Thread-5] j.LocalContainerEntityManagerFactoryBean : Closing JPA EntityManagerFactory for persistence unit 'default'
2022-09-01 13:07:01.547  INFO 5444 --- [       Thread-5] com.zaxxer.hikari.HikariDataSource       : HikariPool-1 - Shutdown initiated...
2022-09-01 13:07:01.595  INFO 5444 --- [       Thread-5] com.zaxxer.hikari.HikariDataSource       : HikariPool-1 - Shutdown completed.

  .   ____          _            __ _ _
 /\\ / ___'_ __ _ _(_)_ __  __ _ \ \ \ \
( ( )\___ | '_ | '_| | '_ \/ _` | \ \ \ \
 \\/  ___)| |_)| | | | | || (_| |  ) ) ) )
  '  |____| .__|_| |_|_| |_\__, | / / / /
 =========|_|==============|___/=/_/_/_/
 :: Spring Boot ::                (v2.5.6)

2022-09-01 13:07:01.724  INFO 5444 --- [    Test worker] engine.WebQuizEngine                     : Starting WebQuizEngine using Java 17.0.2 on Marvin with PID 5444 (started by Marvin in C:\Users\Marvin\Desktop\challengingProject\Web Quiz Engine\Web Quiz Engine\task)
2022-09-01 13:07:01.725  INFO 5444 --- [    Test worker] engine.WebQuizEngine                     : No active profile set, falling back to default profiles: default
2022-09-01 13:07:02.281  INFO 5444 --- [    Test worker] .s.d.r.c.RepositoryConfigurationDelegate : Bootstrapping Spring Data JPA repositories in DEFAULT mode.
2022-09-01 13:07:02.314  INFO 5444 --- [    Test worker] .s.d.r.c.RepositoryConfigurationDelegate : Finished Spring Data repository scanning in 33 ms. Found 3 JPA repository interfaces.
2022-09-01 13:07:02.451  INFO 5444 --- [    Test worker] o.s.b.w.embedded.tomcat.TomcatWebServer  : Tomcat initialized with port(s): 8889 (http)
2022-09-01 13:07:02.453  INFO 5444 --- [    Test worker] o.apache.catalina.core.StandardService   : Starting service [Tomcat]
2022-09-01 13:07:02.453  INFO 5444 --- [    Test worker] org.apache.catalina.core.StandardEngine  : Starting Servlet engine: [Apache Tomcat/9.0.54]
2022-09-01 13:07:02.523  INFO 5444 --- [    Test worker] o.a.c.c.C.[Tomcat].[localhost].[/]       : Initializing Spring embedded WebApplicationContext
2022-09-01 13:07:02.523  INFO 5444 --- [    Test worker] w.s.c.ServletWebServerApplicationContext : Root WebApplicationContext: initialization completed in 792 ms
2022-09-01 13:07:02.571  INFO 5444 --- [    Test worker] com.zaxxer.hikari.HikariDataSource       : HikariPool-2 - Starting...
2022-09-01 13:07:02.590  INFO 5444 --- [    Test worker] com.zaxxer.hikari.HikariDataSource       : HikariPool-2 - Start completed.
2022-09-01 13:07:02.590  INFO 5444 --- [    Test worker] o.s.b.a.h2.H2ConsoleAutoConfiguration    : H2 console available at '/h2-console'. Database available at 'jdbc:h2:file:../quizdb'
2022-09-01 13:07:02.647  INFO 5444 --- [    Test worker] o.hibernate.jpa.internal.util.LogHelper  : HHH000204: Processing PersistenceUnitInfo [name: default]
2022-09-01 13:07:02.660  INFO 5444 --- [    Test worker] org.hibernate.dialect.Dialect            : HHH000400: Using dialect: org.hibernate.dialect.H2Dialect
2022-09-01 13:07:02.771  INFO 5444 --- [    Test worker] o.h.e.t.j.p.i.JtaPlatformInitiator       : HHH000490: Using JtaPlatform implementation: [org.hibernate.engine.transaction.jta.platform.internal.NoJtaPlatform]
2022-09-01 13:07:02.771  INFO 5444 --- [    Test worker] j.LocalContainerEntityManagerFactoryBean : Initialized JPA EntityManagerFactory for persistence unit 'default'
2022-09-01 13:07:02.964  WARN 5444 --- [    Test worker] JpaBaseConfiguration$JpaWebConfiguration : spring.jpa.open-in-view is enabled by default. Therefore, database queries may be performed during view rendering. Explicitly configure spring.jpa.open-in-view to disable this warning
2022-09-01 13:07:03.133  INFO 5444 --- [    Test worker] o.s.b.a.e.web.EndpointLinksResolver      : Exposing 14 endpoint(s) beneath base path '/actuator'
2022-09-01 13:07:03.147  INFO 5444 --- [    Test worker] o.s.s.web.DefaultSecurityFilterChain     : Will secure any request with [org.springframework.security.web.context.request.async.WebAsyncManagerIntegrationFilter@36e8fefe, org.springframework.security.web.context.SecurityContextPersistenceFilter@6fb514db, org.springframework.security.web.header.HeaderWriterFilter@158e3a79, org.springframework.security.web.authentication.logout.LogoutFilter@16575bfe, org.springframework.security.web.authentication.www.BasicAuthenticationFilter@1e79b0fc, org.springframework.security.web.savedrequest.RequestCacheAwareFilter@267a0b6a, org.springframework.security.web.servletapi.SecurityContextHolderAwareRequestFilter@42c3b02e, org.springframework.security.web.authentication.AnonymousAuthenticationFilter@5e8633da, org.springframework.security.web.session.SessionManagementFilter@7a7d25ca, org.springframework.security.web.access.ExceptionTranslationFilter@4d609cc3, org.springframework.security.web.access.intercept.FilterSecurityInterceptor@6019ce4b]
2022-09-01 13:07:03.260  INFO 5444 --- [    Test worker] o.s.b.w.embedded.tomcat.TomcatWebServer  : Tomcat started on port(s): 8889 (http) with context path ''
2022-09-01 13:07:03.267  INFO 5444 --- [    Test worker] engine.WebQuizEngine                     : Started WebQuizEngine in 1.598 seconds (JVM running for 17.543)
2022-09-01 13:07:03.285  INFO 5444 --- [nio-8889-exec-1] o.a.c.c.C.[Tomcat].[localhost].[/]       : Initializing Spring DispatcherServlet 'dispatcherServlet'
2022-09-01 13:07:03.287  INFO 5444 --- [nio-8889-exec-1] o.s.web.servlet.DispatcherServlet        : Initializing Servlet 'dispatcherServlet'
2022-09-01 13:07:03.289  INFO 5444 --- [nio-8889-exec-1] o.s.web.servlet.DispatcherServlet        : Completed initialization in 2 ms
Hibernate: select user0_.id as id1_2_, user0_.email as email2_2_, user0_.password as password3_2_, user0_.role as role4_2_ from user user0_ where user0_.email=?
Hibernate: select quiz0_.id as id1_1_, quiz0_.answer as answer2_1_, quiz0_.options as options3_1_, quiz0_.text as text4_1_, quiz0_.title as title5_1_, quiz0_.user_name as user_nam6_1_ from quiz quiz0_ limit ?
Hibernate: select user0_.id as id1_2_, user0_.email as email2_2_, user0_.password as password3_2_, user0_.role as role4_2_ from user user0_ where user0_.email=?
Hibernate: select quiz0_.id as id1_1_, quiz0_.answer as answer2_1_, quiz0_.options as options3_1_, quiz0_.text as text4_1_, quiz0_.title as title5_1_, quiz0_.user_name as user_nam6_1_ from quiz quiz0_ limit ?
Hibernate: select user0_.id as id1_2_, user0_.email as email2_2_, user0_.password as password3_2_, user0_.role as role4_2_ from user user0_ where user0_.email=?
Hibernate: select quiz0_.id as id1_1_0_, quiz0_.answer as answer2_1_0_, quiz0_.options as options3_1_0_, quiz0_.text as text4_1_0_, quiz0_.title as title5_1_0_, quiz0_.user_name as user_nam6_1_0_ from quiz quiz0_ where quiz0_.id=?
Hibernate: call next value for hibernate_sequence
Hibernate: insert into completed_quizzes_log (completed_at, id, user_id, log_id) values (?, ?, ?, ?)
Hibernate: select user0_.id as id1_2_, user0_.email as email2_2_, user0_.password as password3_2_, user0_.role as role4_2_ from user user0_ where user0_.email=?
Hibernate: select quiz0_.id as id1_1_0_, quiz0_.answer as answer2_1_0_, quiz0_.options as options3_1_0_, quiz0_.text as text4_1_0_, quiz0_.title as title5_1_0_, quiz0_.user_name as user_nam6_1_0_ from quiz quiz0_ where quiz0_.id=?
Hibernate: select user0_.id as id1_2_, user0_.email as email2_2_, user0_.password as password3_2_, user0_.role as role4_2_ from user user0_ where user0_.email=?
Hibernate: select quiz0_.id as id1_1_0_, quiz0_.answer as answer2_1_0_, quiz0_.options as options3_1_0_, quiz0_.text as text4_1_0_, quiz0_.title as title5_1_0_, quiz0_.user_name as user_nam6_1_0_ from quiz quiz0_ where quiz0_.id=?
Hibernate: select user0_.id as id1_2_, user0_.email as email2_2_, user0_.password as password3_2_, user0_.role as role4_2_ from user user0_ where user0_.email=?
Hibernate: select quiz0_.id as id1_1_0_, quiz0_.answer as answer2_1_0_, quiz0_.options as options3_1_0_, quiz0_.text as text4_1_0_, quiz0_.title as title5_1_0_, quiz0_.user_name as user_nam6_1_0_ from quiz quiz0_ where quiz0_.id=?
Hibernate: call next value for hibernate_sequence
Hibernate: insert into completed_quizzes_log (completed_at, id, user_id, log_id) values (?, ?, ?, ?)
Hibernate: select user0_.id as id1_2_, user0_.email as email2_2_, user0_.password as password3_2_, user0_.role as role4_2_ from user user0_ where user0_.email=?
Hibernate: select completedq0_.log_id as log_id1_0_, completedq0_.completed_at as complete2_0_, completedq0_.id as id3_0_, completedq0_.user_id as user_id4_0_ from completed_quizzes_log completedq0_ where completedq0_.user_id=? order by completedq0_.completed_at asc limit ?
	at org.junit.Assert.fail(Assert.java:89)
	at org.hyperskill.hstest.stage.StageTest.start(StageTest.java:155)
	at java.base/jdk.internal.reflect.NativeMethodAccessorImpl.invoke0(Native Method)
	at java.base/jdk.internal.reflect.NativeMethodAccessorImpl.invoke(NativeMethodAccessorImpl.java:77)
	at java.base/jdk.internal.reflect.DelegatingMethodAccessorImpl.invoke(DelegatingMethodAccessorImpl.java:43)
	at java.base/java.lang.reflect.Method.invoke(Method.java:568)
	at org.junit.runners.model.FrameworkMethod$1.runReflectiveCall(FrameworkMethod.java:59)
	at org.junit.internal.runners.model.ReflectiveCallable.run(ReflectiveCallable.java:12)
	at org.junit.runners.model.FrameworkMethod.invokeExplosively(FrameworkMethod.java:56)
	at org.junit.internal.runners.statements.InvokeMethod.evaluate(InvokeMethod.java:17)
	at org.junit.internal.runners.statements.RunAfters.evaluate(RunAfters.java:27)
	at org.junit.runners.ParentRunner$3.evaluate(ParentRunner.java:306)
	at org.junit.runners.BlockJUnit4ClassRunner$1.evaluate(BlockJUnit4ClassRunner.java:100)
	at org.junit.runners.ParentRunner.runLeaf(ParentRunner.java:366)
	at org.junit.runners.BlockJUnit4ClassRunner.runChild(BlockJUnit4ClassRunner.java:103)
	at org.junit.runners.BlockJUnit4ClassRunner.runChild(BlockJUnit4ClassRunner.java:63)
	at org.junit.runners.ParentRunner$4.run(ParentRunner.java:331)
	at org.junit.runners.ParentRunner$1.schedule(ParentRunner.java:79)
	at org.junit.runners.ParentRunner.runChildren(ParentRunner.java:329)
	at org.junit.runners.ParentRunner.access$100(ParentRunner.java:66)
	at org.junit.runners.ParentRunner$2.evaluate(ParentRunner.java:293)
	at org.junit.runners.ParentRunner$3.evaluate(ParentRunner.java:306)
	at org.junit.runners.ParentRunner.run(ParentRunner.java:413)
	at org.gradle.api.internal.tasks.testing.junit.JUnitTestClassExecutor.runTestClass(JUnitTestClassExecutor.java:110)
	at org.gradle.api.internal.tasks.testing.junit.JUnitTestClassExecutor.execute(JUnitTestClassExecutor.java:58)
	at org.gradle.api.internal.tasks.testing.junit.JUnitTestClassExecutor.execute(JUnitTestClassExecutor.java:38)
	at org.gradle.api.internal.tasks.testing.junit.AbstractJUnitTestClassProcessor.processTestClass(AbstractJUnitTestClassProcessor.java:62)
	at org.gradle.api.internal.tasks.testing.SuiteTestClassProcessor.processTestClass(SuiteTestClassProcessor.java:51)
	at java.base/jdk.internal.reflect.NativeMethodAccessorImpl.invoke0(Native Method)
	at java.base/jdk.internal.reflect.NativeMethodAccessorImpl.invoke(NativeMethodAccessorImpl.java:77)
	at java.base/jdk.internal.reflect.DelegatingMethodAccessorImpl.invoke(DelegatingMethodAccessorImpl.java:43)
	at java.base/java.lang.reflect.Method.invoke(Method.java:568)
	at org.gradle.internal.dispatch.ReflectionDispatch.dispatch(ReflectionDispatch.java:36)
	at org.gradle.internal.dispatch.ReflectionDispatch.dispatch(ReflectionDispatch.java:24)
	at org.gradle.internal.dispatch.ContextClassLoaderDispatch.dispatch(ContextClassLoaderDispatch.java:33)
	at org.gradle.internal.dispatch.ProxyDispatchAdapter$DispatchingInvocationHandler.invoke(ProxyDispatchAdapter.java:94)
	at jdk.proxy1/jdk.proxy1.$Proxy2.processTestClass(Unknown Source)
	at org.gradle.api.internal.tasks.testing.worker.TestWorker$2.run(TestWorker.java:176)
	at org.gradle.api.internal.tasks.testing.worker.TestWorker.executeAndMaintainThreadName(TestWorker.java:129)
	at org.gradle.api.internal.tasks.testing.worker.TestWorker.execute(TestWorker.java:100)
	at org.gradle.api.internal.tasks.testing.worker.TestWorker.execute(TestWorker.java:60)
	at org.gradle.process.internal.worker.child.ActionExecutionWorker.execute(ActionExecutionWorker.java:56)
	at org.gradle.process.internal.worker.child.SystemApplicationClassLoaderWorker.call(SystemApplicationClassLoaderWorker.java:133)
	at org.gradle.process.internal.worker.child.SystemApplicationClassLoaderWorker.call(SystemApplicationClassLoaderWorker.java:71)
	at worker.org.gradle.process.internal.worker.GradleWorkerMain.run(GradleWorkerMain.java:69)
	at worker.org.gradle.process.internal.worker.GradleWorkerMain.main(GradleWorkerMain.java:74)
</failure>
  </testcase>
  <system-out><![CDATA[?[1;31m
Start test 1?[0m

  .   ____          _            __ _ _
 /\\ / ___'_ __ _ _(_)_ __  __ _ \ \ \ \
( ( )\___ | '_ | '_| | '_ \/ _` | \ \ \ \
 \\/  ___)| |_)| | | | | || (_| |  ) ) ) )
  '  |____| .__|_| |_|_| |_\__, | / / / /
 =========|_|==============|___/=/_/_/_/
 :: Spring Boot ::                (v2.5.6)

2022-09-01 13:06:48.462  INFO 5444 --- [    Test worker] engine.WebQuizEngine                     : Starting WebQuizEngine using Java 17.0.2 on Marvin with PID 5444 (started by Marvin in C:\Users\Marvin\Desktop\challengingProject\Web Quiz Engine\Web Quiz Engine\task)
2022-09-01 13:06:48.469  INFO 5444 --- [    Test worker] engine.WebQuizEngine                     : No active profile set, falling back to default profiles: default
2022-09-01 13:06:50.474  INFO 5444 --- [    Test worker] .s.d.r.c.RepositoryConfigurationDelegate : Bootstrapping Spring Data JPA repositories in DEFAULT mode.
2022-09-01 13:06:50.600  INFO 5444 --- [    Test worker] .s.d.r.c.RepositoryConfigurationDelegate : Finished Spring Data repository scanning in 107 ms. Found 3 JPA repository interfaces.
2022-09-01 13:06:51.573  INFO 5444 --- [    Test worker] o.s.b.w.embedded.tomcat.TomcatWebServer  : Tomcat initialized with port(s): 8889 (http)
2022-09-01 13:06:51.593  INFO 5444 --- [    Test worker] o.apache.catalina.core.StandardService   : Starting service [Tomcat]
2022-09-01 13:06:51.594  INFO 5444 --- [    Test worker] org.apache.catalina.core.StandardEngine  : Starting Servlet engine: [Apache Tomcat/9.0.54]
2022-09-01 13:06:51.789  INFO 5444 --- [    Test worker] o.a.c.c.C.[Tomcat].[localhost].[/]       : Initializing Spring embedded WebApplicationContext
2022-09-01 13:06:51.789  INFO 5444 --- [    Test worker] w.s.c.ServletWebServerApplicationContext : Root WebApplicationContext: initialization completed in 3222 ms
2022-09-01 13:06:51.993  INFO 5444 --- [    Test worker] com.zaxxer.hikari.HikariDataSource       : HikariPool-1 - Starting...
2022-09-01 13:06:52.367  INFO 5444 --- [    Test worker] com.zaxxer.hikari.HikariDataSource       : HikariPool-1 - Start completed.
2022-09-01 13:06:52.381  INFO 5444 --- [    Test worker] o.s.b.a.h2.H2ConsoleAutoConfiguration    : H2 console available at '/h2-console'. Database available at 'jdbc:h2:file:../quizdb'
2022-09-01 13:06:52.652  INFO 5444 --- [    Test worker] o.hibernate.jpa.internal.util.LogHelper  : HHH000204: Processing PersistenceUnitInfo [name: default]
2022-09-01 13:06:52.773  INFO 5444 --- [    Test worker] org.hibernate.Version                    : HHH000412: Hibernate ORM core version 5.4.32.Final
2022-09-01 13:06:53.064  INFO 5444 --- [    Test worker] o.hibernate.annotations.common.Version   : HCANN000001: Hibernate Commons Annotations {5.1.2.Final}
2022-09-01 13:06:53.302  INFO 5444 --- [    Test worker] org.hibernate.dialect.Dialect            : HHH000400: Using dialect: org.hibernate.dialect.H2Dialect
Hibernate: create table completed_quizzes_log (log_id bigint not null, completed_at timestamp not null, id bigint not null, user_id varchar(255) not null, primary key (log_id))
Hibernate: create table quiz (id bigint not null, answer binary(255), options binary(255), text varchar(255), title varchar(255), user_name varchar(255), primary key (id))
Hibernate: create table user (id bigint not null, email varchar(255), password varchar(255), role varchar(255), primary key (id))
Hibernate: create sequence hibernate_sequence start with 1 increment by 1
2022-09-01 13:06:54.481  INFO 5444 --- [    Test worker] o.h.e.t.j.p.i.JtaPlatformInitiator       : HHH000490: Using JtaPlatform implementation: [org.hibernate.engine.transaction.jta.platform.internal.NoJtaPlatform]
2022-09-01 13:06:54.499  INFO 5444 --- [    Test worker] j.LocalContainerEntityManagerFactoryBean : Initialized JPA EntityManagerFactory for persistence unit 'default'
2022-09-01 13:06:55.338  WARN 5444 --- [    Test worker] JpaBaseConfiguration$JpaWebConfiguration : spring.jpa.open-in-view is enabled by default. Therefore, database queries may be performed during view rendering. Explicitly configure spring.jpa.open-in-view to disable this warning
2022-09-01 13:06:56.052  INFO 5444 --- [    Test worker] o.s.b.a.e.web.EndpointLinksResolver      : Exposing 14 endpoint(s) beneath base path '/actuator'
2022-09-01 13:06:56.164  INFO 5444 --- [    Test worker] o.s.s.web.DefaultSecurityFilterChain     : Will secure any request with [org.springframework.security.web.context.request.async.WebAsyncManagerIntegrationFilter@6c399d4, org.springframework.security.web.context.SecurityContextPersistenceFilter@28b47211, org.springframework.security.web.header.HeaderWriterFilter@d62feaf, org.springframework.security.web.authentication.logout.LogoutFilter@3dcf6026, org.springframework.security.web.authentication.www.BasicAuthenticationFilter@5c20841d, org.springframework.security.web.savedrequest.RequestCacheAwareFilter@247415be, org.springframework.security.web.servletapi.SecurityContextHolderAwareRequestFilter@4fe3199d, org.springframework.security.web.authentication.AnonymousAuthenticationFilter@726dd367, org.springframework.security.web.session.SessionManagementFilter@108fd5d5, org.springframework.security.web.access.ExceptionTranslationFilter@5d03df76, org.springframework.security.web.access.intercept.FilterSecurityInterceptor@6d4df1d2]
2022-09-01 13:06:56.614  INFO 5444 --- [    Test worker] o.s.b.w.embedded.tomcat.TomcatWebServer  : Tomcat started on port(s): 8889 (http) with context path ''
2022-09-01 13:06:56.633  INFO 5444 --- [    Test worker] engine.WebQuizEngine                     : Started WebQuizEngine in 9.088 seconds (JVM running for 10.908)
2022-09-01 13:06:57.137  INFO 5444 --- [nio-8889-exec-1] o.a.c.c.C.[Tomcat].[localhost].[/]       : Initializing Spring DispatcherServlet 'dispatcherServlet'
2022-09-01 13:06:57.138  INFO 5444 --- [nio-8889-exec-1] o.s.web.servlet.DispatcherServlet        : Initializing Servlet 'dispatcherServlet'
2022-09-01 13:06:57.140  INFO 5444 --- [nio-8889-exec-1] o.s.web.servlet.DispatcherServlet        : Completed initialization in 2 ms
Hibernate: select user0_.id as id1_2_, user0_.email as email2_2_, user0_.password as password3_2_, user0_.role as role4_2_ from user user0_ where user0_.email=?
Hibernate: call next value for hibernate_sequence
Hibernate: insert into user (email, password, role, id) values (?, ?, ?, ?)
?[1;31m
Start test 2?[0m
Hibernate: select user0_.id as id1_2_, user0_.email as email2_2_, user0_.password as password3_2_, user0_.role as role4_2_ from user user0_ where user0_.email=?
Hibernate: call next value for hibernate_sequence
Hibernate: insert into user (email, password, role, id) values (?, ?, ?, ?)
?[1;31m
Start test 3?[0m
2022-09-01 13:06:57.921  WARN 5444 --- [nio-8889-exec-3] .w.s.m.s.DefaultHandlerExceptionResolver : Resolved [org.springframework.web.bind.MethodArgumentNotValidException: Validation failed for argument [0] in public void engine.controller.RegistrationController.registerUser(engine.entity.User): [Field error in object 'user' on field 'email': rejected value [google.com]; codes [Email.user.email,Email.email,Email.java.lang.String,Email]; arguments [org.springframework.context.support.DefaultMessageSourceResolvable: codes [user.email,email]; arguments []; default message [email],[Ljavax.validation.constraints.Pattern$Flag;@263cff25,.+@.+\..+]; default message [must be a well-formed email address]] ]
?[1;31m
Start test 4?[0m
2022-09-01 13:06:57.978  WARN 5444 --- [nio-8889-exec-4] .w.s.m.s.DefaultHandlerExceptionResolver : Resolved [org.springframework.web.bind.MethodArgumentNotValidException: Validation failed for argument [0] in public void engine.controller.RegistrationController.registerUser(engine.entity.User): [Field error in object 'user' on field 'email': rejected value [well@googlecom]; codes [Email.user.email,Email.email,Email.java.lang.String,Email]; arguments [org.springframework.context.support.DefaultMessageSourceResolvable: codes [user.email,email]; arguments []; default message [email],[Ljavax.validation.constraints.Pattern$Flag;@263cff25,.+@.+\..+]; default message [must be a well-formed email address]] ]
?[1;31m
Start test 5?[0m
Hibernate: select user0_.id as id1_2_, user0_.email as email2_2_, user0_.password as password3_2_, user0_.role as role4_2_ from user user0_ where user0_.email=?
?[1;31m
Start test 6?[0m
2022-09-01 13:06:58.043  WARN 5444 --- [nio-8889-exec-7] .w.s.m.s.DefaultHandlerExceptionResolver : Resolved [org.springframework.web.bind.MethodArgumentNotValidException: Validation failed for argument [0] in public void engine.controller.RegistrationController.registerUser(engine.entity.User): [Field error in object 'user' on field 'password': rejected value [1234]; codes [Size.user.password,Size.password,Size.java.lang.String,Size]; arguments [org.springframework.context.support.DefaultMessageSourceResolvable: codes [user.password,password]; arguments []; default message [password],2147483647,5]; default message [size must be between 5 and 2147483647]] ]
?[1;31m
Start test 7?[0m
2022-09-01 13:06:58.075  WARN 5444 --- [nio-8889-exec-9] .w.s.m.s.DefaultHandlerExceptionResolver : Resolved [org.springframework.web.bind.MethodArgumentNotValidException: Validation failed for argument [0] in public void engine.controller.RegistrationController.registerUser(engine.entity.User): [Field error in object 'user' on field 'password': rejected value [123]; codes [Size.user.password,Size.password,Size.java.lang.String,Size]; arguments [org.springframework.context.support.DefaultMessageSourceResolvable: codes [user.password,password]; arguments []; default message [password],2147483647,5]; default message [size must be between 5 and 2147483647]] ]
?[1;31m
Start test 8?[0m
Hibernate: select user0_.id as id1_2_, user0_.email as email2_2_, user0_.password as password3_2_, user0_.role as role4_2_ from user user0_ where user0_.email=?
Hibernate: select quiz0_.id as id1_1_, quiz0_.answer as answer2_1_, quiz0_.options as options3_1_, quiz0_.text as text4_1_, quiz0_.title as title5_1_, quiz0_.user_name as user_nam6_1_ from quiz quiz0_ limit ?
?[1;31m
Start test 9?[0m
Hibernate: select user0_.id as id1_2_, user0_.email as email2_2_, user0_.password as password3_2_, user0_.role as role4_2_ from user user0_ where user0_.email=?
Hibernate: select quiz0_.id as id1_1_, quiz0_.answer as answer2_1_, quiz0_.options as options3_1_, quiz0_.text as text4_1_, quiz0_.title as title5_1_, quiz0_.user_name as user_nam6_1_ from quiz quiz0_ limit ?
?[1;31m
Start test 10?[0m
Hibernate: select user0_.id as id1_2_, user0_.email as email2_2_, user0_.password as password3_2_, user0_.role as role4_2_ from user user0_ where user0_.email=?
Hibernate: call next value for hibernate_sequence
Hibernate: insert into quiz (answer, options, text, title, user_name, id) values (?, ?, ?, ?, ?, ?)
?[1;31m
Start test 11?[0m
Hibernate: select user0_.id as id1_2_, user0_.email as email2_2_, user0_.password as password3_2_, user0_.role as role4_2_ from user user0_ where user0_.email=?
Hibernate: select quiz0_.id as id1_1_0_, quiz0_.answer as answer2_1_0_, quiz0_.options as options3_1_0_, quiz0_.text as text4_1_0_, quiz0_.title as title5_1_0_, quiz0_.user_name as user_nam6_1_0_ from quiz quiz0_ where quiz0_.id=?
?[1;31m
Start test 12?[0m
Hibernate: select user0_.id as id1_2_, user0_.email as email2_2_, user0_.password as password3_2_, user0_.role as role4_2_ from user user0_ where user0_.email=?
Hibernate: select quiz0_.id as id1_1_0_, quiz0_.answer as answer2_1_0_, quiz0_.options as options3_1_0_, quiz0_.text as text4_1_0_, quiz0_.title as title5_1_0_, quiz0_.user_name as user_nam6_1_0_ from quiz quiz0_ where quiz0_.id=?
?[1;31m
Start test 13?[0m
Hibernate: select user0_.id as id1_2_, user0_.email as email2_2_, user0_.password as password3_2_, user0_.role as role4_2_ from user user0_ where user0_.email=?
Hibernate: select quiz0_.id as id1_1_, quiz0_.answer as answer2_1_, quiz0_.options as options3_1_, quiz0_.text as text4_1_, quiz0_.title as title5_1_, quiz0_.user_name as user_nam6_1_ from quiz quiz0_ limit ?
?[1;31m
Start test 14?[0m
Hibernate: select user0_.id as id1_2_, user0_.email as email2_2_, user0_.password as password3_2_, user0_.role as role4_2_ from user user0_ where user0_.email=?
Hibernate: call next value for hibernate_sequence
Hibernate: insert into quiz (answer, options, text, title, user_name, id) values (?, ?, ?, ?, ?, ?)
?[1;31m
Start test 15?[0m
Hibernate: select user0_.id as id1_2_, user0_.email as email2_2_, user0_.password as password3_2_, user0_.role as role4_2_ from user user0_ where user0_.email=?
Hibernate: select quiz0_.id as id1_1_0_, quiz0_.answer as answer2_1_0_, quiz0_.options as options3_1_0_, quiz0_.text as text4_1_0_, quiz0_.title as title5_1_0_, quiz0_.user_name as user_nam6_1_0_ from quiz quiz0_ where quiz0_.id=?
?[1;31m
Start test 16?[0m
Hibernate: select user0_.id as id1_2_, user0_.email as email2_2_, user0_.password as password3_2_, user0_.role as role4_2_ from user user0_ where user0_.email=?
Hibernate: select quiz0_.id as id1_1_0_, quiz0_.answer as answer2_1_0_, quiz0_.options as options3_1_0_, quiz0_.text as text4_1_0_, quiz0_.title as title5_1_0_, quiz0_.user_name as user_nam6_1_0_ from quiz quiz0_ where quiz0_.id=?
?[1;31m
Start test 17?[0m
Hibernate: select user0_.id as id1_2_, user0_.email as email2_2_, user0_.password as password3_2_, user0_.role as role4_2_ from user user0_ where user0_.email=?
Hibernate: select quiz0_.id as id1_1_, quiz0_.answer as answer2_1_, quiz0_.options as options3_1_, quiz0_.text as text4_1_, quiz0_.title as title5_1_, quiz0_.user_name as user_nam6_1_ from quiz quiz0_ limit ?
?[1;31m
Start test 18?[0m
?[1;31m
Start test 19?[0m
?[1;31m
Start test 20?[0m
?[1;31m
Start test 21?[0m
?[1;31m
Start test 22?[0m
?[1;31m
Start test 23?[0m
?[1;31m
Start test 24?[0m
?[1;31m
Start test 25?[0m
?[1;31m
Start test 26?[0m
Hibernate: select user0_.id as id1_2_, user0_.email as email2_2_, user0_.password as password3_2_, user0_.role as role4_2_ from user user0_ where user0_.email=?
?[1;31m
Start test 27?[0m
Hibernate: select user0_.id as id1_2_, user0_.email as email2_2_, user0_.password as password3_2_, user0_.role as role4_2_ from user user0_ where user0_.email=?
?[1;31m
Start test 28?[0m
Hibernate: select user0_.id as id1_2_, user0_.email as email2_2_, user0_.password as password3_2_, user0_.role as role4_2_ from user user0_ where user0_.email=?
?[1;31m
Start test 29?[0m
Hibernate: select user0_.id as id1_2_, user0_.email as email2_2_, user0_.password as password3_2_, user0_.role as role4_2_ from user user0_ where user0_.email=?
?[1;31m
Start test 30?[0m
Hibernate: select user0_.id as id1_2_, user0_.email as email2_2_, user0_.password as password3_2_, user0_.role as role4_2_ from user user0_ where user0_.email=?
?[1;31m
Start test 31?[0m
Hibernate: select user0_.id as id1_2_, user0_.email as email2_2_, user0_.password as password3_2_, user0_.role as role4_2_ from user user0_ where user0_.email=?
?[1;31m
Start test 32?[0m
Hibernate: select user0_.id as id1_2_, user0_.email as email2_2_, user0_.password as password3_2_, user0_.role as role4_2_ from user user0_ where user0_.email=?
?[1;31m
Start test 33?[0m
Hibernate: select user0_.id as id1_2_, user0_.email as email2_2_, user0_.password as password3_2_, user0_.role as role4_2_ from user user0_ where user0_.email=?
?[1;31m
Start test 34?[0m
Hibernate: select user0_.id as id1_2_, user0_.email as email2_2_, user0_.password as password3_2_, user0_.role as role4_2_ from user user0_ where user0_.email=?
Hibernate: select quiz0_.id as id1_1_0_, quiz0_.answer as answer2_1_0_, quiz0_.options as options3_1_0_, quiz0_.text as text4_1_0_, quiz0_.title as title5_1_0_, quiz0_.user_name as user_nam6_1_0_ from quiz quiz0_ where quiz0_.id=?
?[1;31m
Start test 35?[0m
Hibernate: select user0_.id as id1_2_, user0_.email as email2_2_, user0_.password as password3_2_, user0_.role as role4_2_ from user user0_ where user0_.email=?
Hibernate: select quiz0_.id as id1_1_0_, quiz0_.answer as answer2_1_0_, quiz0_.options as options3_1_0_, quiz0_.text as text4_1_0_, quiz0_.title as title5_1_0_, quiz0_.user_name as user_nam6_1_0_ from quiz quiz0_ where quiz0_.id=?
?[1;31m
Start test 36?[0m
Hibernate: select user0_.id as id1_2_, user0_.email as email2_2_, user0_.password as password3_2_, user0_.role as role4_2_ from user user0_ where user0_.email=?
Hibernate: select quiz0_.id as id1_1_0_, quiz0_.answer as answer2_1_0_, quiz0_.options as options3_1_0_, quiz0_.text as text4_1_0_, quiz0_.title as title5_1_0_, quiz0_.user_name as user_nam6_1_0_ from quiz quiz0_ where quiz0_.id=?
Hibernate: call next value for hibernate_sequence
Hibernate: insert into completed_quizzes_log (completed_at, id, user_id, log_id) values (?, ?, ?, ?)
?[1;31m
Start test 37?[0m
Hibernate: select user0_.id as id1_2_, user0_.email as email2_2_, user0_.password as password3_2_, user0_.role as role4_2_ from user user0_ where user0_.email=?
Hibernate: select quiz0_.id as id1_1_0_, quiz0_.answer as answer2_1_0_, quiz0_.options as options3_1_0_, quiz0_.text as text4_1_0_, quiz0_.title as title5_1_0_, quiz0_.user_name as user_nam6_1_0_ from quiz quiz0_ where quiz0_.id=?
?[1;31m
Start test 38?[0m
Hibernate: select user0_.id as id1_2_, user0_.email as email2_2_, user0_.password as password3_2_, user0_.role as role4_2_ from user user0_ where user0_.email=?
Hibernate: select quiz0_.id as id1_1_0_, quiz0_.answer as answer2_1_0_, quiz0_.options as options3_1_0_, quiz0_.text as text4_1_0_, quiz0_.title as title5_1_0_, quiz0_.user_name as user_nam6_1_0_ from quiz quiz0_ where quiz0_.id=?
?[1;31m
Start test 39?[0m
Hibernate: select user0_.id as id1_2_, user0_.email as email2_2_, user0_.password as password3_2_, user0_.role as role4_2_ from user user0_ where user0_.email=?
Hibernate: select quiz0_.id as id1_1_0_, quiz0_.answer as answer2_1_0_, quiz0_.options as options3_1_0_, quiz0_.text as text4_1_0_, quiz0_.title as title5_1_0_, quiz0_.user_name as user_nam6_1_0_ from quiz quiz0_ where quiz0_.id=?
Hibernate: call next value for hibernate_sequence
Hibernate: insert into completed_quizzes_log (completed_at, id, user_id, log_id) values (?, ?, ?, ?)
?[1;31m
Start test 40?[0m
Hibernate: select user0_.id as id1_2_, user0_.email as email2_2_, user0_.password as password3_2_, user0_.role as role4_2_ from user user0_ where user0_.email=?
Hibernate: select quiz0_.id as id1_1_0_, quiz0_.answer as answer2_1_0_, quiz0_.options as options3_1_0_, quiz0_.text as text4_1_0_, quiz0_.title as title5_1_0_, quiz0_.user_name as user_nam6_1_0_ from quiz quiz0_ where quiz0_.id=?
?[1;31m
Start test 41?[0m
Hibernate: select user0_.id as id1_2_, user0_.email as email2_2_, user0_.password as password3_2_, user0_.role as role4_2_ from user user0_ where user0_.email=?
Hibernate: select quiz0_.id as id1_1_0_, quiz0_.answer as answer2_1_0_, quiz0_.options as options3_1_0_, quiz0_.text as text4_1_0_, quiz0_.title as title5_1_0_, quiz0_.user_name as user_nam6_1_0_ from quiz quiz0_ where quiz0_.id=?
?[1;31m
Start test 42?[0m
Hibernate: select user0_.id as id1_2_, user0_.email as email2_2_, user0_.password as password3_2_, user0_.role as role4_2_ from user user0_ where user0_.email=?
Hibernate: select completedq0_.log_id as log_id1_0_, completedq0_.completed_at as complete2_0_, completedq0_.id as id3_0_, completedq0_.user_id as user_id4_0_ from completed_quizzes_log completedq0_ where completedq0_.user_id=? order by completedq0_.completed_at asc limit ?
?[1;31m
Start test 43?[0m
Hibernate: select user0_.id as id1_2_, user0_.email as email2_2_, user0_.password as password3_2_, user0_.role as role4_2_ from user user0_ where user0_.email=?
Hibernate: select completedq0_.log_id as log_id1_0_, completedq0_.completed_at as complete2_0_, completedq0_.id as id3_0_, completedq0_.user_id as user_id4_0_ from completed_quizzes_log completedq0_ where completedq0_.user_id=? order by completedq0_.completed_at asc limit ?
?[1;31m
Start test 44?[0m
Hibernate: select user0_.id as id1_2_, user0_.email as email2_2_, user0_.password as password3_2_, user0_.role as role4_2_ from user user0_ where user0_.email=?
Hibernate: select quiz0_.id as id1_1_, quiz0_.answer as answer2_1_, quiz0_.options as options3_1_, quiz0_.text as text4_1_, quiz0_.title as title5_1_, quiz0_.user_name as user_nam6_1_ from quiz quiz0_ limit ?
?[1;31m
Start test 45?[0m
Hibernate: select user0_.id as id1_2_, user0_.email as email2_2_, user0_.password as password3_2_, user0_.role as role4_2_ from user user0_ where user0_.email=?
Hibernate: select quiz0_.id as id1_1_, quiz0_.answer as answer2_1_, quiz0_.options as options3_1_, quiz0_.text as text4_1_, quiz0_.title as title5_1_, quiz0_.user_name as user_nam6_1_ from quiz quiz0_ limit ?
?[1;31m
Start test 46?[0m
2022-09-01 13:07:01.544  INFO 5444 --- [       Thread-5] j.LocalContainerEntityManagerFactoryBean : Closing JPA EntityManagerFactory for persistence unit 'default'
2022-09-01 13:07:01.547  INFO 5444 --- [       Thread-5] com.zaxxer.hikari.HikariDataSource       : HikariPool-1 - Shutdown initiated...
2022-09-01 13:07:01.595  INFO 5444 --- [       Thread-5] com.zaxxer.hikari.HikariDataSource       : HikariPool-1 - Shutdown completed.

  .   ____          _            __ _ _
 /\\ / ___'_ __ _ _(_)_ __  __ _ \ \ \ \
( ( )\___ | '_ | '_| | '_ \/ _` | \ \ \ \
 \\/  ___)| |_)| | | | | || (_| |  ) ) ) )
  '  |____| .__|_| |_|_| |_\__, | / / / /
 =========|_|==============|___/=/_/_/_/
 :: Spring Boot ::                (v2.5.6)

2022-09-01 13:07:01.724  INFO 5444 --- [    Test worker] engine.WebQuizEngine                     : Starting WebQuizEngine using Java 17.0.2 on Marvin with PID 5444 (started by Marvin in C:\Users\Marvin\Desktop\challengingProject\Web Quiz Engine\Web Quiz Engine\task)
2022-09-01 13:07:01.725  INFO 5444 --- [    Test worker] engine.WebQuizEngine                     : No active profile set, falling back to default profiles: default
2022-09-01 13:07:02.281  INFO 5444 --- [    Test worker] .s.d.r.c.RepositoryConfigurationDelegate : Bootstrapping Spring Data JPA repositories in DEFAULT mode.
2022-09-01 13:07:02.314  INFO 5444 --- [    Test worker] .s.d.r.c.RepositoryConfigurationDelegate : Finished Spring Data repository scanning in 33 ms. Found 3 JPA repository interfaces.
2022-09-01 13:07:02.451  INFO 5444 --- [    Test worker] o.s.b.w.embedded.tomcat.TomcatWebServer  : Tomcat initialized with port(s): 8889 (http)
2022-09-01 13:07:02.453  INFO 5444 --- [    Test worker] o.apache.catalina.core.StandardService   : Starting service [Tomcat]
2022-09-01 13:07:02.453  INFO 5444 --- [    Test worker] org.apache.catalina.core.StandardEngine  : Starting Servlet engine: [Apache Tomcat/9.0.54]
2022-09-01 13:07:02.523  INFO 5444 --- [    Test worker] o.a.c.c.C.[Tomcat].[localhost].[/]       : Initializing Spring embedded WebApplicationContext
2022-09-01 13:07:02.523  INFO 5444 --- [    Test worker] w.s.c.ServletWebServerApplicationContext : Root WebApplicationContext: initialization completed in 792 ms
2022-09-01 13:07:02.571  INFO 5444 --- [    Test worker] com.zaxxer.hikari.HikariDataSource       : HikariPool-2 - Starting...
2022-09-01 13:07:02.590  INFO 5444 --- [    Test worker] com.zaxxer.hikari.HikariDataSource       : HikariPool-2 - Start completed.
2022-09-01 13:07:02.590  INFO 5444 --- [    Test worker] o.s.b.a.h2.H2ConsoleAutoConfiguration    : H2 console available at '/h2-console'. Database available at 'jdbc:h2:file:../quizdb'
2022-09-01 13:07:02.647  INFO 5444 --- [    Test worker] o.hibernate.jpa.internal.util.LogHelper  : HHH000204: Processing PersistenceUnitInfo [name: default]
2022-09-01 13:07:02.660  INFO 5444 --- [    Test worker] org.hibernate.dialect.Dialect            : HHH000400: Using dialect: org.hibernate.dialect.H2Dialect
2022-09-01 13:07:02.771  INFO 5444 --- [    Test worker] o.h.e.t.j.p.i.JtaPlatformInitiator       : HHH000490: Using JtaPlatform implementation: [org.hibernate.engine.transaction.jta.platform.internal.NoJtaPlatform]
2022-09-01 13:07:02.771  INFO 5444 --- [    Test worker] j.LocalContainerEntityManagerFactoryBean : Initialized JPA EntityManagerFactory for persistence unit 'default'
2022-09-01 13:07:02.964  WARN 5444 --- [    Test worker] JpaBaseConfiguration$JpaWebConfiguration : spring.jpa.open-in-view is enabled by default. Therefore, database queries may be performed during view rendering. Explicitly configure spring.jpa.open-in-view to disable this warning
2022-09-01 13:07:03.133  INFO 5444 --- [    Test worker] o.s.b.a.e.web.EndpointLinksResolver      : Exposing 14 endpoint(s) beneath base path '/actuator'
2022-09-01 13:07:03.147  INFO 5444 --- [    Test worker] o.s.s.web.DefaultSecurityFilterChain     : Will secure any request with [org.springframework.security.web.context.request.async.WebAsyncManagerIntegrationFilter@36e8fefe, org.springframework.security.web.context.SecurityContextPersistenceFilter@6fb514db, org.springframework.security.web.header.HeaderWriterFilter@158e3a79, org.springframework.security.web.authentication.logout.LogoutFilter@16575bfe, org.springframework.security.web.authentication.www.BasicAuthenticationFilter@1e79b0fc, org.springframework.security.web.savedrequest.RequestCacheAwareFilter@267a0b6a, org.springframework.security.web.servletapi.SecurityContextHolderAwareRequestFilter@42c3b02e, org.springframework.security.web.authentication.AnonymousAuthenticationFilter@5e8633da, org.springframework.security.web.session.SessionManagementFilter@7a7d25ca, org.springframework.security.web.access.ExceptionTranslationFilter@4d609cc3, org.springframework.security.web.access.intercept.FilterSecurityInterceptor@6019ce4b]
2022-09-01 13:07:03.260  INFO 5444 --- [    Test worker] o.s.b.w.embedded.tomcat.TomcatWebServer  : Tomcat started on port(s): 8889 (http) with context path ''
2022-09-01 13:07:03.267  INFO 5444 --- [    Test worker] engine.WebQuizEngine                     : Started WebQuizEngine in 1.598 seconds (JVM running for 17.543)
?[1;31m
Start test 47?[0m
2022-09-01 13:07:03.285  INFO 5444 --- [nio-8889-exec-1] o.a.c.c.C.[Tomcat].[localhost].[/]       : Initializing Spring DispatcherServlet 'dispatcherServlet'
2022-09-01 13:07:03.287  INFO 5444 --- [nio-8889-exec-1] o.s.web.servlet.DispatcherServlet        : Initializing Servlet 'dispatcherServlet'
2022-09-01 13:07:03.289  INFO 5444 --- [nio-8889-exec-1] o.s.web.servlet.DispatcherServlet        : Completed initialization in 2 ms
Hibernate: select user0_.id as id1_2_, user0_.email as email2_2_, user0_.password as password3_2_, user0_.role as role4_2_ from user user0_ where user0_.email=?
Hibernate: select quiz0_.id as id1_1_, quiz0_.answer as answer2_1_, quiz0_.options as options3_1_, quiz0_.text as text4_1_, quiz0_.title as title5_1_, quiz0_.user_name as user_nam6_1_ from quiz quiz0_ limit ?
?[1;31m
Start test 48?[0m
Hibernate: select user0_.id as id1_2_, user0_.email as email2_2_, user0_.password as password3_2_, user0_.role as role4_2_ from user user0_ where user0_.email=?
Hibernate: select quiz0_.id as id1_1_, quiz0_.answer as answer2_1_, quiz0_.options as options3_1_, quiz0_.text as text4_1_, quiz0_.title as title5_1_, quiz0_.user_name as user_nam6_1_ from quiz quiz0_ limit ?
?[1;31m
Start test 49?[0m
Hibernate: select user0_.id as id1_2_, user0_.email as email2_2_, user0_.password as password3_2_, user0_.role as role4_2_ from user user0_ where user0_.email=?
Hibernate: select quiz0_.id as id1_1_0_, quiz0_.answer as answer2_1_0_, quiz0_.options as options3_1_0_, quiz0_.text as text4_1_0_, quiz0_.title as title5_1_0_, quiz0_.user_name as user_nam6_1_0_ from quiz quiz0_ where quiz0_.id=?
Hibernate: call next value for hibernate_sequence
Hibernate: insert into completed_quizzes_log (completed_at, id, user_id, log_id) values (?, ?, ?, ?)
?[1;31m
Start test 50?[0m
Hibernate: select user0_.id as id1_2_, user0_.email as email2_2_, user0_.password as password3_2_, user0_.role as role4_2_ from user user0_ where user0_.email=?
Hibernate: select quiz0_.id as id1_1_0_, quiz0_.answer as answer2_1_0_, quiz0_.options as options3_1_0_, quiz0_.text as text4_1_0_, quiz0_.title as title5_1_0_, quiz0_.user_name as user_nam6_1_0_ from quiz quiz0_ where quiz0_.id=?
?[1;31m
Start test 51?[0m
Hibernate: select user0_.id as id1_2_, user0_.email as email2_2_, user0_.password as password3_2_, user0_.role as role4_2_ from user user0_ where user0_.email=?
Hibernate: select quiz0_.id as id1_1_0_, quiz0_.answer as answer2_1_0_, quiz0_.options as options3_1_0_, quiz0_.text as text4_1_0_, quiz0_.title as title5_1_0_, quiz0_.user_name as user_nam6_1_0_ from quiz quiz0_ where quiz0_.id=?
?[1;31m
Start test 52?[0m
Hibernate: select user0_.id as id1_2_, user0_.email as email2_2_, user0_.password as password3_2_, user0_.role as role4_2_ from user user0_ where user0_.email=?
Hibernate: select quiz0_.id as id1_1_0_, quiz0_.answer as answer2_1_0_, quiz0_.options as options3_1_0_, quiz0_.text as text4_1_0_, quiz0_.title as title5_1_0_, quiz0_.user_name as user_nam6_1_0_ from quiz quiz0_ where quiz0_.id=?
Hibernate: call next value for hibernate_sequence
Hibernate: insert into completed_quizzes_log (completed_at, id, user_id, log_id) values (?, ?, ?, ?)
?[1;31m
Start test 53?[0m
Hibernate: select user0_.id as id1_2_, user0_.email as email2_2_, user0_.password as password3_2_, user0_.role as role4_2_ from user user0_ where user0_.email=?
Hibernate: select completedq0_.log_id as log_id1_0_, completedq0_.completed_at as complete2_0_, completedq0_.id as id3_0_, completedq0_.user_id as user_id4_0_ from completed_quizzes_log completedq0_ where completedq0_.user_id=? order by completedq0_.completed_at asc limit ?
]]></system-out>
  <system-err><![CDATA[]]></system-err>
</testsuite>
